{"/Users/mauriciovelasquezsilva/0000000/guia/fase_5_githubAction-ECR/paso2-servicio-alumnos/app-alumnos-frontent/src/App.jsx": {"path":"/Users/mauriciovelasquezsilva/0000000/guia/fase_5_githubAction-ECR/paso2-servicio-alumnos/app-alumnos-frontent/src/App.jsx","all":false,"statementMap":{"0":{"start":{"line":1,"column":0},"end":{"line":1,"column":73}},"1":{"start":{"line":2,"column":0},"end":{"line":2,"column":48}},"2":{"start":{"line":3,"column":0},"end":{"line":3,"column":48}},"3":{"start":{"line":4,"column":0},"end":{"line":4,"column":52}},"4":{"start":{"line":5,"column":0},"end":{"line":5,"column":40}},"6":{"start":{"line":7,"column":0},"end":{"line":7,"column":16}},"7":{"start":{"line":8,"column":0},"end":{"line":8,"column":10}},"8":{"start":{"line":9,"column":0},"end":{"line":9,"column":12}},"9":{"start":{"line":10,"column":0},"end":{"line":10,"column":47}},"10":{"start":{"line":11,"column":0},"end":{"line":11,"column":18}},"11":{"start":{"line":12,"column":0},"end":{"line":12,"column":54}},"12":{"start":{"line":13,"column":0},"end":{"line":13,"column":18}},"13":{"start":{"line":14,"column":0},"end":{"line":14,"column":55}},"14":{"start":{"line":15,"column":0},"end":{"line":15,"column":68}},"15":{"start":{"line":16,"column":0},"end":{"line":16,"column":73}},"16":{"start":{"line":17,"column":0},"end":{"line":17,"column":68}},"17":{"start":{"line":18,"column":0},"end":{"line":18,"column":19}},"18":{"start":{"line":19,"column":0},"end":{"line":19,"column":15}},"19":{"start":{"line":20,"column":0},"end":{"line":20,"column":12}},"20":{"start":{"line":21,"column":0},"end":{"line":21,"column":13}},"22":{"start":{"line":23,"column":0},"end":{"line":23,"column":1}},"24":{"start":{"line":25,"column":0},"end":{"line":25,"column":18}}},"s":{"0":1,"1":1,"2":1,"3":1,"4":1,"6":1,"7":1,"8":1,"9":1,"10":1,"11":1,"12":1,"13":1,"14":1,"15":1,"16":1,"17":1,"18":1,"19":1,"20":1,"22":1,"24":1},"branchMap":{"0":{"type":"branch","line":7,"loc":{"start":{"line":7,"column":0},"end":{"line":23,"column":1}},"locations":[{"start":{"line":7,"column":0},"end":{"line":23,"column":1}}]}},"b":{"0":[1]},"fnMap":{"0":{"name":"App","decl":{"start":{"line":7,"column":0},"end":{"line":23,"column":1}},"loc":{"start":{"line":7,"column":0},"end":{"line":23,"column":1}},"line":7}},"f":{"0":1}}
,"/Users/mauriciovelasquezsilva/0000000/guia/fase_5_githubAction-ECR/paso2-servicio-alumnos/app-alumnos-frontent/src/App.test.jsx": {"path":"/Users/mauriciovelasquezsilva/0000000/guia/fase_5_githubAction-ECR/paso2-servicio-alumnos/app-alumnos-frontent/src/App.test.jsx","all":false,"statementMap":{"0":{"start":{"line":1,"column":0},"end":{"line":1,"column":64}},"1":{"start":{"line":2,"column":0},"end":{"line":2,"column":49}},"7":{"start":{"line":8,"column":0},"end":{"line":8,"column":33}},"8":{"start":{"line":9,"column":0},"end":{"line":9,"column":87}},"9":{"start":{"line":10,"column":0},"end":{"line":10,"column":50}},"10":{"start":{"line":11,"column":0},"end":{"line":11,"column":19}},"12":{"start":{"line":13,"column":0},"end":{"line":13,"column":70}},"13":{"start":{"line":14,"column":0},"end":{"line":14,"column":25}},"14":{"start":{"line":15,"column":0},"end":{"line":15,"column":70}},"15":{"start":{"line":16,"column":0},"end":{"line":16,"column":6}},"16":{"start":{"line":17,"column":0},"end":{"line":17,"column":4}},"17":{"start":{"line":18,"column":0},"end":{"line":18,"column":2}}},"s":{"0":1,"1":1,"7":1,"8":1,"9":1,"10":1,"12":1,"13":1,"14":2,"15":1,"16":1,"17":1},"branchMap":{"0":{"type":"branch","line":8,"loc":{"start":{"line":8,"column":26},"end":{"line":18,"column":2}},"locations":[{"start":{"line":8,"column":26},"end":{"line":18,"column":2}}]},"1":{"type":"branch","line":9,"loc":{"start":{"line":9,"column":74},"end":{"line":17,"column":3}},"locations":[{"start":{"line":9,"column":74},"end":{"line":17,"column":3}}]},"2":{"type":"branch","line":14,"loc":{"start":{"line":14,"column":18},"end":{"line":16,"column":5}},"locations":[{"start":{"line":14,"column":18},"end":{"line":16,"column":5}}]}},"b":{"0":[1],"1":[1],"2":[2]},"fnMap":{},"f":{}}
,"/Users/mauriciovelasquezsilva/0000000/guia/fase_5_githubAction-ECR/paso2-servicio-alumnos/app-alumnos-frontent/src/components/AlumnoDetail.jsx": {"path":"/Users/mauriciovelasquezsilva/0000000/guia/fase_5_githubAction-ECR/paso2-servicio-alumnos/app-alumnos-frontent/src/components/AlumnoDetail.jsx","all":false,"statementMap":{"0":{"start":{"line":1,"column":0},"end":{"line":1,"column":43}},"1":{"start":{"line":2,"column":0},"end":{"line":2,"column":57}},"2":{"start":{"line":3,"column":0},"end":{"line":3,"column":78}},"3":{"start":{"line":4,"column":0},"end":{"line":4,"column":53}},"5":{"start":{"line":6,"column":0},"end":{"line":6,"column":25}},"6":{"start":{"line":7,"column":0},"end":{"line":7,"column":32}},"7":{"start":{"line":8,"column":0},"end":{"line":8,"column":28}},"9":{"start":{"line":10,"column":0},"end":{"line":10,"column":44}},"10":{"start":{"line":11,"column":0},"end":{"line":11,"column":46}},"11":{"start":{"line":12,"column":0},"end":{"line":12,"column":42}},"13":{"start":{"line":14,"column":0},"end":{"line":14,"column":19}},"14":{"start":{"line":15,"column":0},"end":{"line":15,"column":17}},"15":{"start":{"line":16,"column":0},"end":{"line":16,"column":10}},"17":{"start":{"line":18,"column":0},"end":{"line":18,"column":35}},"18":{"start":{"line":19,"column":0},"end":{"line":19,"column":9}},"19":{"start":{"line":20,"column":0},"end":{"line":20,"column":50}},"20":{"start":{"line":21,"column":0},"end":{"line":21,"column":21}},"21":{"start":{"line":22,"column":0},"end":{"line":22,"column":20}},"22":{"start":{"line":23,"column":0},"end":{"line":23,"column":19}},"23":{"start":{"line":24,"column":0},"end":{"line":24,"column":58}},"24":{"start":{"line":25,"column":0},"end":{"line":25,"column":50}},"25":{"start":{"line":26,"column":0},"end":{"line":26,"column":15}},"26":{"start":{"line":27,"column":0},"end":{"line":27,"column":23}},"27":{"start":{"line":28,"column":0},"end":{"line":28,"column":5}},"28":{"start":{"line":29,"column":0},"end":{"line":29,"column":3}},"30":{"start":{"line":31,"column":0},"end":{"line":31,"column":36}},"31":{"start":{"line":32,"column":0},"end":{"line":32,"column":66}},"32":{"start":{"line":33,"column":0},"end":{"line":33,"column":11}},"33":{"start":{"line":34,"column":0},"end":{"line":34,"column":38}},"34":{"start":{"line":35,"column":0},"end":{"line":35,"column":21}},"35":{"start":{"line":36,"column":0},"end":{"line":36,"column":21}},"36":{"start":{"line":37,"column":0},"end":{"line":37,"column":48}},"37":{"start":{"line":38,"column":0},"end":{"line":38,"column":52}},"38":{"start":{"line":39,"column":0},"end":{"line":39,"column":7}},"39":{"start":{"line":40,"column":0},"end":{"line":40,"column":5}},"40":{"start":{"line":41,"column":0},"end":{"line":41,"column":3}},"42":{"start":{"line":43,"column":0},"end":{"line":43,"column":16}},"43":{"start":{"line":44,"column":0},"end":{"line":44,"column":12}},"44":{"start":{"line":45,"column":0},"end":{"line":45,"column":61}},"45":{"start":{"line":46,"column":0},"end":{"line":46,"column":97}},"46":{"start":{"line":47,"column":0},"end":{"line":47,"column":12}},"48":{"start":{"line":49,"column":0},"end":{"line":49,"column":3}},"50":{"start":{"line":51,"column":0},"end":{"line":51,"column":14}},"51":{"start":{"line":52,"column":0},"end":{"line":52,"column":12}},"52":{"start":{"line":53,"column":0},"end":{"line":53,"column":41}},"53":{"start":{"line":54,"column":0},"end":{"line":54,"column":104}},"54":{"start":{"line":55,"column":0},"end":{"line":55,"column":17}},"55":{"start":{"line":56,"column":0},"end":{"line":56,"column":14}},"56":{"start":{"line":57,"column":0},"end":{"line":57,"column":15}},"57":{"start":{"line":58,"column":0},"end":{"line":58,"column":39}},"58":{"start":{"line":59,"column":0},"end":{"line":59,"column":66}},"59":{"start":{"line":60,"column":0},"end":{"line":60,"column":9}},"61":{"start":{"line":62,"column":0},"end":{"line":62,"column":17}},"62":{"start":{"line":63,"column":0},"end":{"line":63,"column":12}},"64":{"start":{"line":65,"column":0},"end":{"line":65,"column":3}},"66":{"start":{"line":67,"column":0},"end":{"line":67,"column":16}},"67":{"start":{"line":68,"column":0},"end":{"line":68,"column":12}},"68":{"start":{"line":69,"column":0},"end":{"line":69,"column":41}},"69":{"start":{"line":70,"column":0},"end":{"line":70,"column":76}},"70":{"start":{"line":71,"column":0},"end":{"line":71,"column":83}},"71":{"start":{"line":72,"column":0},"end":{"line":72,"column":15}},"72":{"start":{"line":73,"column":0},"end":{"line":73,"column":39}},"73":{"start":{"line":74,"column":0},"end":{"line":74,"column":66}},"74":{"start":{"line":75,"column":0},"end":{"line":75,"column":9}},"76":{"start":{"line":77,"column":0},"end":{"line":77,"column":17}},"77":{"start":{"line":78,"column":0},"end":{"line":78,"column":12}},"79":{"start":{"line":80,"column":0},"end":{"line":80,"column":3}},"81":{"start":{"line":82,"column":0},"end":{"line":82,"column":10}},"82":{"start":{"line":83,"column":0},"end":{"line":83,"column":39}},"83":{"start":{"line":84,"column":0},"end":{"line":84,"column":13}},"84":{"start":{"line":85,"column":0},"end":{"line":85,"column":37}},"85":{"start":{"line":86,"column":0},"end":{"line":86,"column":104}},"87":{"start":{"line":88,"column":0},"end":{"line":88,"column":43}},"88":{"start":{"line":89,"column":0},"end":{"line":89,"column":38}},"89":{"start":{"line":90,"column":0},"end":{"line":90,"column":15}},"91":{"start":{"line":92,"column":0},"end":{"line":92,"column":69}},"92":{"start":{"line":93,"column":0},"end":{"line":93,"column":50}},"93":{"start":{"line":94,"column":0},"end":{"line":94,"column":80}},"94":{"start":{"line":95,"column":0},"end":{"line":95,"column":14}},"96":{"start":{"line":97,"column":0},"end":{"line":97,"column":35}},"97":{"start":{"line":98,"column":0},"end":{"line":98,"column":37}},"98":{"start":{"line":99,"column":0},"end":{"line":99,"column":87}},"99":{"start":{"line":100,"column":0},"end":{"line":100,"column":102}},"100":{"start":{"line":101,"column":0},"end":{"line":101,"column":74}},"101":{"start":{"line":102,"column":0},"end":{"line":102,"column":20}},"102":{"start":{"line":103,"column":0},"end":{"line":103,"column":19}},"103":{"start":{"line":104,"column":0},"end":{"line":104,"column":72}},"104":{"start":{"line":105,"column":0},"end":{"line":105,"column":82}},"105":{"start":{"line":106,"column":0},"end":{"line":106,"column":20}},"106":{"start":{"line":107,"column":0},"end":{"line":107,"column":18}},"108":{"start":{"line":109,"column":0},"end":{"line":109,"column":67}},"109":{"start":{"line":110,"column":0},"end":{"line":110,"column":19}},"110":{"start":{"line":111,"column":0},"end":{"line":111,"column":77}},"111":{"start":{"line":112,"column":0},"end":{"line":112,"column":99}},"112":{"start":{"line":113,"column":0},"end":{"line":113,"column":30}},"113":{"start":{"line":114,"column":0},"end":{"line":114,"column":20}},"114":{"start":{"line":115,"column":0},"end":{"line":115,"column":20}},"116":{"start":{"line":117,"column":0},"end":{"line":117,"column":19}},"117":{"start":{"line":118,"column":0},"end":{"line":118,"column":80}},"118":{"start":{"line":119,"column":0},"end":{"line":119,"column":99}},"119":{"start":{"line":120,"column":0},"end":{"line":120,"column":33}},"120":{"start":{"line":121,"column":0},"end":{"line":121,"column":20}},"121":{"start":{"line":122,"column":0},"end":{"line":122,"column":20}},"123":{"start":{"line":124,"column":0},"end":{"line":124,"column":19}},"124":{"start":{"line":125,"column":0},"end":{"line":125,"column":82}},"125":{"start":{"line":126,"column":0},"end":{"line":126,"column":99}},"126":{"start":{"line":127,"column":0},"end":{"line":127,"column":35}},"127":{"start":{"line":128,"column":0},"end":{"line":128,"column":20}},"128":{"start":{"line":129,"column":0},"end":{"line":129,"column":20}},"129":{"start":{"line":130,"column":0},"end":{"line":130,"column":18}},"131":{"start":{"line":132,"column":0},"end":{"line":132,"column":99}},"132":{"start":{"line":133,"column":0},"end":{"line":133,"column":21}},"133":{"start":{"line":134,"column":0},"end":{"line":134,"column":46}},"134":{"start":{"line":135,"column":0},"end":{"line":135,"column":146}},"136":{"start":{"line":137,"column":0},"end":{"line":137,"column":47}},"137":{"start":{"line":138,"column":0},"end":{"line":138,"column":37}},"138":{"start":{"line":139,"column":0},"end":{"line":139,"column":23}},"139":{"start":{"line":140,"column":0},"end":{"line":140,"column":21}},"140":{"start":{"line":141,"column":0},"end":{"line":141,"column":72}},"141":{"start":{"line":142,"column":0},"end":{"line":142,"column":153}},"143":{"start":{"line":144,"column":0},"end":{"line":144,"column":46}},"144":{"start":{"line":145,"column":0},"end":{"line":145,"column":35}},"145":{"start":{"line":146,"column":0},"end":{"line":146,"column":23}},"146":{"start":{"line":147,"column":0},"end":{"line":147,"column":18}},"147":{"start":{"line":148,"column":0},"end":{"line":148,"column":16}},"148":{"start":{"line":149,"column":0},"end":{"line":149,"column":14}},"149":{"start":{"line":150,"column":0},"end":{"line":150,"column":12}},"150":{"start":{"line":151,"column":0},"end":{"line":151,"column":10}},"152":{"start":{"line":153,"column":0},"end":{"line":153,"column":1}},"154":{"start":{"line":155,"column":0},"end":{"line":155,"column":27}}},"s":{"0":1,"1":1,"2":1,"3":1,"5":18,"6":18,"7":18,"9":18,"10":18,"11":18,"13":18,"14":9,"15":18,"17":18,"18":9,"19":9,"20":7,"21":7,"22":9,"23":1,"24":1,"25":9,"26":8,"27":8,"28":9,"30":18,"31":3,"32":2,"33":2,"34":1,"35":1,"36":1,"37":1,"38":1,"39":2,"40":3,"42":18,"43":9,"44":9,"45":9,"46":9,"48":9,"50":18,"51":2,"52":2,"53":2,"54":2,"55":2,"56":2,"57":2,"58":2,"59":2,"61":2,"62":2,"64":2,"66":18,"67":1,"68":1,"69":1,"70":1,"71":1,"72":1,"73":1,"74":1,"76":1,"77":1,"79":1,"81":6,"82":6,"83":6,"84":6,"85":6,"87":6,"88":6,"89":6,"91":6,"92":6,"93":6,"94":6,"96":6,"97":6,"98":6,"99":6,"100":6,"101":6,"102":6,"103":6,"104":6,"105":6,"106":6,"108":6,"109":6,"110":6,"111":6,"112":6,"113":6,"114":6,"116":6,"117":6,"118":6,"119":6,"120":6,"121":6,"123":6,"124":6,"125":6,"126":6,"127":6,"128":6,"129":6,"131":6,"132":6,"133":6,"134":6,"136":6,"137":6,"138":6,"139":6,"140":6,"141":6,"143":6,"144":6,"145":6,"146":6,"147":6,"148":6,"149":6,"150":6,"152":6,"154":1},"branchMap":{"0":{"type":"branch","line":6,"loc":{"start":{"line":6,"column":0},"end":{"line":153,"column":1}},"locations":[{"start":{"line":6,"column":0},"end":{"line":153,"column":1}}]},"1":{"type":"branch","line":43,"loc":{"start":{"line":43,"column":15},"end":{"line":51,"column":13}},"locations":[{"start":{"line":43,"column":15},"end":{"line":51,"column":13}}]},"2":{"type":"branch","line":51,"loc":{"start":{"line":51,"column":13},"end":{"line":65,"column":3}},"locations":[{"start":{"line":51,"column":13},"end":{"line":65,"column":3}}]},"3":{"type":"branch","line":65,"loc":{"start":{"line":65,"column":2},"end":{"line":67,"column":15}},"locations":[{"start":{"line":65,"column":2},"end":{"line":67,"column":15}}]},"4":{"type":"branch","line":67,"loc":{"start":{"line":67,"column":15},"end":{"line":80,"column":3}},"locations":[{"start":{"line":67,"column":15},"end":{"line":80,"column":3}}]},"5":{"type":"branch","line":80,"loc":{"start":{"line":80,"column":2},"end":{"line":153,"column":1}},"locations":[{"start":{"line":80,"column":2},"end":{"line":153,"column":1}}]},"6":{"type":"branch","line":14,"loc":{"start":{"line":14,"column":12},"end":{"line":16,"column":5}},"locations":[{"start":{"line":14,"column":12},"end":{"line":16,"column":5}}]},"7":{"type":"branch","line":18,"loc":{"start":{"line":18,"column":22},"end":{"line":29,"column":3}},"locations":[{"start":{"line":18,"column":22},"end":{"line":29,"column":3}}]},"8":{"type":"branch","line":20,"loc":{"start":{"line":20,"column":49},"end":{"line":23,"column":13}},"locations":[{"start":{"line":20,"column":49},"end":{"line":23,"column":13}}]},"9":{"type":"branch","line":23,"loc":{"start":{"line":23,"column":4},"end":{"line":26,"column":6}},"locations":[{"start":{"line":23,"column":4},"end":{"line":26,"column":6}}]},"10":{"type":"branch","line":26,"loc":{"start":{"line":26,"column":4},"end":{"line":28,"column":5}},"locations":[{"start":{"line":26,"column":4},"end":{"line":28,"column":5}}]},"11":{"type":"branch","line":31,"loc":{"start":{"line":31,"column":23},"end":{"line":41,"column":3}},"locations":[{"start":{"line":31,"column":23},"end":{"line":41,"column":3}}]},"12":{"type":"branch","line":32,"loc":{"start":{"line":32,"column":65},"end":{"line":40,"column":5}},"locations":[{"start":{"line":32,"column":65},"end":{"line":40,"column":5}}]},"13":{"type":"branch","line":34,"loc":{"start":{"line":34,"column":37},"end":{"line":39,"column":7}},"locations":[{"start":{"line":34,"column":37},"end":{"line":39,"column":7}}]},"14":{"type":"branch","line":58,"loc":{"start":{"line":58,"column":19},"end":{"line":58,"column":39}},"locations":[{"start":{"line":58,"column":19},"end":{"line":58,"column":39}}]},"15":{"type":"branch","line":73,"loc":{"start":{"line":73,"column":19},"end":{"line":73,"column":39}},"locations":[{"start":{"line":73,"column":19},"end":{"line":73,"column":39}}]},"16":{"type":"branch","line":85,"loc":{"start":{"line":85,"column":17},"end":{"line":85,"column":37}},"locations":[{"start":{"line":85,"column":17},"end":{"line":85,"column":37}}]},"17":{"type":"branch","line":134,"loc":{"start":{"line":134,"column":25},"end":{"line":134,"column":46}},"locations":[{"start":{"line":134,"column":25},"end":{"line":134,"column":46}}]},"18":{"type":"branch","line":141,"loc":{"start":{"line":141,"column":25},"end":{"line":141,"column":72}},"locations":[{"start":{"line":141,"column":25},"end":{"line":141,"column":72}}]}},"b":{"0":[18],"1":[9],"2":[2],"3":[7],"4":[1],"5":[6],"6":[9],"7":[9],"8":[7],"9":[1],"10":[8],"11":[3],"12":[2],"13":[1],"14":[1],"15":[1],"16":[1],"17":[3],"18":[1]},"fnMap":{"0":{"name":"AlumnoDetail","decl":{"start":{"line":6,"column":0},"end":{"line":153,"column":1}},"loc":{"start":{"line":6,"column":0},"end":{"line":153,"column":1}},"line":6},"1":{"name":"fetchAlumno","decl":{"start":{"line":18,"column":22},"end":{"line":29,"column":3}},"loc":{"start":{"line":18,"column":22},"end":{"line":29,"column":3}},"line":18},"2":{"name":"handleDelete","decl":{"start":{"line":31,"column":23},"end":{"line":41,"column":3}},"loc":{"start":{"line":31,"column":23},"end":{"line":41,"column":3}},"line":31},"3":{"name":"onClick","decl":{"start":{"line":58,"column":19},"end":{"line":58,"column":39}},"loc":{"start":{"line":58,"column":19},"end":{"line":58,"column":39}},"line":58},"4":{"name":"onClick","decl":{"start":{"line":73,"column":19},"end":{"line":73,"column":39}},"loc":{"start":{"line":73,"column":19},"end":{"line":73,"column":39}},"line":73},"5":{"name":"onClick","decl":{"start":{"line":85,"column":17},"end":{"line":85,"column":37}},"loc":{"start":{"line":85,"column":17},"end":{"line":85,"column":37}},"line":85},"6":{"name":"onClick","decl":{"start":{"line":134,"column":25},"end":{"line":134,"column":46}},"loc":{"start":{"line":134,"column":25},"end":{"line":134,"column":46}},"line":134},"7":{"name":"onClick","decl":{"start":{"line":141,"column":25},"end":{"line":141,"column":72}},"loc":{"start":{"line":141,"column":25},"end":{"line":141,"column":72}},"line":141}},"f":{"0":18,"1":9,"2":3,"3":1,"4":1,"5":1,"6":3,"7":1}}
,"/Users/mauriciovelasquezsilva/0000000/guia/fase_5_githubAction-ECR/paso2-servicio-alumnos/app-alumnos-frontent/src/components/AlumnoDetail.test.jsx": {"path":"/Users/mauriciovelasquezsilva/0000000/guia/fase_5_githubAction-ECR/paso2-servicio-alumnos/app-alumnos-frontent/src/components/AlumnoDetail.test.jsx","all":false,"statementMap":{"0":{"start":{"line":1,"column":0},"end":{"line":1,"column":75}},"2":{"start":{"line":3,"column":0},"end":{"line":3,"column":61}},"8":{"start":{"line":9,"column":0},"end":{"line":9,"column":28}},"18":{"start":{"line":19,"column":0},"end":{"line":19,"column":32}},"19":{"start":{"line":20,"column":0},"end":{"line":20,"column":79}},"21":{"start":{"line":22,"column":0},"end":{"line":22,"column":20}},"22":{"start":{"line":23,"column":0},"end":{"line":23,"column":22}},"23":{"start":{"line":24,"column":0},"end":{"line":24,"column":62}},"24":{"start":{"line":25,"column":0},"end":{"line":25,"column":4}},"26":{"start":{"line":27,"column":0},"end":{"line":27,"column":64}},"27":{"start":{"line":28,"column":0},"end":{"line":28,"column":64}},"28":{"start":{"line":29,"column":0},"end":{"line":29,"column":11}},"29":{"start":{"line":30,"column":0},"end":{"line":30,"column":20}},"30":{"start":{"line":31,"column":0},"end":{"line":31,"column":24}},"31":{"start":{"line":32,"column":0},"end":{"line":32,"column":21}},"32":{"start":{"line":33,"column":0},"end":{"line":33,"column":5}},"33":{"start":{"line":34,"column":0},"end":{"line":34,"column":71}},"34":{"start":{"line":35,"column":0},"end":{"line":35,"column":4}},"36":{"start":{"line":37,"column":0},"end":{"line":37,"column":83}},"37":{"start":{"line":38,"column":0},"end":{"line":38,"column":59}},"39":{"start":{"line":40,"column":0},"end":{"line":40,"column":11}},"40":{"start":{"line":41,"column":0},"end":{"line":41,"column":20}},"41":{"start":{"line":42,"column":0},"end":{"line":42,"column":24}},"42":{"start":{"line":43,"column":0},"end":{"line":43,"column":21}},"43":{"start":{"line":44,"column":0},"end":{"line":44,"column":5}},"45":{"start":{"line":46,"column":0},"end":{"line":46,"column":25}},"46":{"start":{"line":47,"column":0},"end":{"line":47,"column":73}},"47":{"start":{"line":48,"column":0},"end":{"line":48,"column":58}},"48":{"start":{"line":49,"column":0},"end":{"line":49,"column":59}},"49":{"start":{"line":50,"column":0},"end":{"line":50,"column":59}},"50":{"start":{"line":51,"column":0},"end":{"line":51,"column":6}},"51":{"start":{"line":52,"column":0},"end":{"line":52,"column":4}},"53":{"start":{"line":54,"column":0},"end":{"line":54,"column":72}},"54":{"start":{"line":55,"column":0},"end":{"line":55,"column":74}},"56":{"start":{"line":57,"column":0},"end":{"line":57,"column":11}},"57":{"start":{"line":58,"column":0},"end":{"line":58,"column":20}},"58":{"start":{"line":59,"column":0},"end":{"line":59,"column":24}},"59":{"start":{"line":60,"column":0},"end":{"line":60,"column":21}},"60":{"start":{"line":61,"column":0},"end":{"line":61,"column":5}},"62":{"start":{"line":63,"column":0},"end":{"line":63,"column":25}},"63":{"start":{"line":64,"column":0},"end":{"line":64,"column":94}},"64":{"start":{"line":65,"column":0},"end":{"line":65,"column":6}},"66":{"start":{"line":67,"column":0},"end":{"line":67,"column":60}},"67":{"start":{"line":68,"column":0},"end":{"line":68,"column":31}},"68":{"start":{"line":69,"column":0},"end":{"line":69,"column":50}},"69":{"start":{"line":70,"column":0},"end":{"line":70,"column":4}},"71":{"start":{"line":72,"column":0},"end":{"line":72,"column":85}},"72":{"start":{"line":73,"column":0},"end":{"line":73,"column":53}},"74":{"start":{"line":75,"column":0},"end":{"line":75,"column":11}},"75":{"start":{"line":76,"column":0},"end":{"line":76,"column":20}},"76":{"start":{"line":77,"column":0},"end":{"line":77,"column":24}},"77":{"start":{"line":78,"column":0},"end":{"line":78,"column":21}},"78":{"start":{"line":79,"column":0},"end":{"line":79,"column":5}},"80":{"start":{"line":81,"column":0},"end":{"line":81,"column":25}},"81":{"start":{"line":82,"column":0},"end":{"line":82,"column":74}},"82":{"start":{"line":83,"column":0},"end":{"line":83,"column":6}},"84":{"start":{"line":85,"column":0},"end":{"line":85,"column":60}},"85":{"start":{"line":86,"column":0},"end":{"line":86,"column":31}},"86":{"start":{"line":87,"column":0},"end":{"line":87,"column":50}},"87":{"start":{"line":88,"column":0},"end":{"line":88,"column":4}},"89":{"start":{"line":90,"column":0},"end":{"line":90,"column":71}},"90":{"start":{"line":91,"column":0},"end":{"line":91,"column":59}},"92":{"start":{"line":93,"column":0},"end":{"line":93,"column":11}},"93":{"start":{"line":94,"column":0},"end":{"line":94,"column":20}},"94":{"start":{"line":95,"column":0},"end":{"line":95,"column":24}},"95":{"start":{"line":96,"column":0},"end":{"line":96,"column":21}},"96":{"start":{"line":97,"column":0},"end":{"line":97,"column":5}},"98":{"start":{"line":99,"column":0},"end":{"line":99,"column":25}},"99":{"start":{"line":100,"column":0},"end":{"line":100,"column":71}},"100":{"start":{"line":101,"column":0},"end":{"line":101,"column":6}},"102":{"start":{"line":103,"column":0},"end":{"line":103,"column":60}},"103":{"start":{"line":104,"column":0},"end":{"line":104,"column":31}},"104":{"start":{"line":105,"column":0},"end":{"line":105,"column":50}},"105":{"start":{"line":106,"column":0},"end":{"line":106,"column":4}},"107":{"start":{"line":108,"column":0},"end":{"line":108,"column":60}},"108":{"start":{"line":109,"column":0},"end":{"line":109,"column":59}},"110":{"start":{"line":111,"column":0},"end":{"line":111,"column":11}},"111":{"start":{"line":112,"column":0},"end":{"line":112,"column":20}},"112":{"start":{"line":113,"column":0},"end":{"line":113,"column":24}},"113":{"start":{"line":114,"column":0},"end":{"line":114,"column":21}},"114":{"start":{"line":115,"column":0},"end":{"line":115,"column":5}},"116":{"start":{"line":117,"column":0},"end":{"line":117,"column":25}},"117":{"start":{"line":118,"column":0},"end":{"line":118,"column":60}},"118":{"start":{"line":119,"column":0},"end":{"line":119,"column":6}},"120":{"start":{"line":121,"column":0},"end":{"line":121,"column":49}},"121":{"start":{"line":122,"column":0},"end":{"line":122,"column":31}},"122":{"start":{"line":123,"column":0},"end":{"line":123,"column":66}},"123":{"start":{"line":124,"column":0},"end":{"line":124,"column":4}},"125":{"start":{"line":126,"column":0},"end":{"line":126,"column":70}},"126":{"start":{"line":127,"column":0},"end":{"line":127,"column":59}},"127":{"start":{"line":128,"column":0},"end":{"line":128,"column":50}},"129":{"start":{"line":130,"column":0},"end":{"line":130,"column":11}},"130":{"start":{"line":131,"column":0},"end":{"line":131,"column":20}},"131":{"start":{"line":132,"column":0},"end":{"line":132,"column":24}},"132":{"start":{"line":133,"column":0},"end":{"line":133,"column":21}},"133":{"start":{"line":134,"column":0},"end":{"line":134,"column":5}},"135":{"start":{"line":136,"column":0},"end":{"line":136,"column":25}},"136":{"start":{"line":137,"column":0},"end":{"line":137,"column":62}},"137":{"start":{"line":138,"column":0},"end":{"line":138,"column":6}},"139":{"start":{"line":140,"column":0},"end":{"line":140,"column":53}},"140":{"start":{"line":141,"column":0},"end":{"line":141,"column":33}},"142":{"start":{"line":143,"column":0},"end":{"line":143,"column":45}},"143":{"start":{"line":144,"column":0},"end":{"line":144,"column":58}},"144":{"start":{"line":145,"column":0},"end":{"line":145,"column":25}},"145":{"start":{"line":146,"column":0},"end":{"line":146,"column":52}},"146":{"start":{"line":147,"column":0},"end":{"line":147,"column":6}},"147":{"start":{"line":148,"column":0},"end":{"line":148,"column":4}},"149":{"start":{"line":150,"column":0},"end":{"line":150,"column":64}},"150":{"start":{"line":151,"column":0},"end":{"line":151,"column":59}},"151":{"start":{"line":152,"column":0},"end":{"line":152,"column":74}},"153":{"start":{"line":154,"column":0},"end":{"line":154,"column":11}},"154":{"start":{"line":155,"column":0},"end":{"line":155,"column":20}},"155":{"start":{"line":156,"column":0},"end":{"line":156,"column":24}},"156":{"start":{"line":157,"column":0},"end":{"line":157,"column":21}},"157":{"start":{"line":158,"column":0},"end":{"line":158,"column":5}},"159":{"start":{"line":160,"column":0},"end":{"line":160,"column":25}},"160":{"start":{"line":161,"column":0},"end":{"line":161,"column":62}},"161":{"start":{"line":162,"column":0},"end":{"line":162,"column":6}},"163":{"start":{"line":164,"column":0},"end":{"line":164,"column":53}},"164":{"start":{"line":165,"column":0},"end":{"line":165,"column":33}},"166":{"start":{"line":167,"column":0},"end":{"line":167,"column":25}},"167":{"start":{"line":168,"column":0},"end":{"line":168,"column":82}},"168":{"start":{"line":169,"column":0},"end":{"line":169,"column":6}},"169":{"start":{"line":170,"column":0},"end":{"line":170,"column":4}},"171":{"start":{"line":172,"column":0},"end":{"line":172,"column":85}},"172":{"start":{"line":173,"column":0},"end":{"line":173,"column":54}},"173":{"start":{"line":174,"column":0},"end":{"line":174,"column":59}},"175":{"start":{"line":176,"column":0},"end":{"line":176,"column":11}},"176":{"start":{"line":177,"column":0},"end":{"line":177,"column":20}},"177":{"start":{"line":178,"column":0},"end":{"line":178,"column":24}},"178":{"start":{"line":179,"column":0},"end":{"line":179,"column":21}},"179":{"start":{"line":180,"column":0},"end":{"line":180,"column":5}},"181":{"start":{"line":182,"column":0},"end":{"line":182,"column":25}},"182":{"start":{"line":183,"column":0},"end":{"line":183,"column":62}},"183":{"start":{"line":184,"column":0},"end":{"line":184,"column":6}},"185":{"start":{"line":186,"column":0},"end":{"line":186,"column":53}},"186":{"start":{"line":187,"column":0},"end":{"line":187,"column":33}},"188":{"start":{"line":189,"column":0},"end":{"line":189,"column":45}},"189":{"start":{"line":190,"column":0},"end":{"line":190,"column":55}},"190":{"start":{"line":191,"column":0},"end":{"line":191,"column":54}},"191":{"start":{"line":192,"column":0},"end":{"line":192,"column":4}},"192":{"start":{"line":193,"column":0},"end":{"line":193,"column":2}}},"s":{"0":1,"2":1,"8":1,"18":1,"19":1,"21":1,"22":9,"23":9,"24":1,"26":1,"27":1,"28":1,"29":1,"30":1,"31":1,"32":1,"33":1,"34":1,"36":1,"37":1,"39":1,"40":1,"41":1,"42":1,"43":1,"45":1,"46":2,"47":2,"48":2,"49":2,"50":1,"51":1,"53":1,"54":1,"56":1,"57":1,"58":1,"59":1,"60":1,"62":1,"63":2,"64":1,"66":1,"67":1,"68":1,"69":1,"71":1,"72":1,"74":1,"75":1,"76":1,"77":1,"78":1,"80":1,"81":2,"82":1,"84":1,"85":1,"86":1,"87":1,"89":1,"90":1,"92":1,"93":1,"94":1,"95":1,"96":1,"98":1,"99":2,"100":1,"102":1,"103":1,"104":1,"105":1,"107":1,"108":1,"110":1,"111":1,"112":1,"113":1,"114":1,"116":1,"117":2,"118":1,"120":1,"121":1,"122":1,"123":1,"125":1,"126":1,"127":1,"129":1,"130":1,"131":1,"132":1,"133":1,"135":1,"136":2,"137":1,"139":1,"140":1,"142":1,"143":1,"144":1,"145":2,"146":1,"147":1,"149":1,"150":1,"151":1,"153":1,"154":1,"155":1,"156":1,"157":1,"159":1,"160":2,"161":1,"163":1,"164":1,"166":1,"167":2,"168":1,"169":1,"171":1,"172":1,"173":1,"175":1,"176":1,"177":1,"178":1,"179":1,"181":1,"182":2,"183":1,"185":1,"186":1,"188":1,"189":1,"190":1,"191":1,"192":1},"branchMap":{"0":{"type":"branch","line":19,"loc":{"start":{"line":19,"column":25},"end":{"line":193,"column":2}},"locations":[{"start":{"line":19,"column":25},"end":{"line":193,"column":2}}]},"1":{"type":"branch","line":22,"loc":{"start":{"line":22,"column":13},"end":{"line":25,"column":3}},"locations":[{"start":{"line":22,"column":13},"end":{"line":25,"column":3}}]},"2":{"type":"branch","line":24,"loc":{"start":{"line":24,"column":51},"end":{"line":24,"column":61}},"locations":[{"start":{"line":24,"column":51},"end":{"line":24,"column":61}}]},"3":{"type":"branch","line":27,"loc":{"start":{"line":27,"column":57},"end":{"line":35,"column":3}},"locations":[{"start":{"line":27,"column":57},"end":{"line":35,"column":3}}]},"4":{"type":"branch","line":28,"loc":{"start":{"line":28,"column":54},"end":{"line":28,"column":62}},"locations":[{"start":{"line":28,"column":54},"end":{"line":28,"column":62}}]},"5":{"type":"branch","line":37,"loc":{"start":{"line":37,"column":70},"end":{"line":52,"column":3}},"locations":[{"start":{"line":37,"column":70},"end":{"line":52,"column":3}}]},"6":{"type":"branch","line":46,"loc":{"start":{"line":46,"column":18},"end":{"line":51,"column":5}},"locations":[{"start":{"line":46,"column":18},"end":{"line":51,"column":5}}]},"7":{"type":"branch","line":54,"loc":{"start":{"line":54,"column":59},"end":{"line":70,"column":3}},"locations":[{"start":{"line":54,"column":59},"end":{"line":70,"column":3}}]},"8":{"type":"branch","line":63,"loc":{"start":{"line":63,"column":18},"end":{"line":65,"column":5}},"locations":[{"start":{"line":63,"column":18},"end":{"line":65,"column":5}}]},"9":{"type":"branch","line":72,"loc":{"start":{"line":72,"column":72},"end":{"line":88,"column":3}},"locations":[{"start":{"line":72,"column":72},"end":{"line":88,"column":3}}]},"10":{"type":"branch","line":81,"loc":{"start":{"line":81,"column":18},"end":{"line":83,"column":5}},"locations":[{"start":{"line":81,"column":18},"end":{"line":83,"column":5}}]},"11":{"type":"branch","line":90,"loc":{"start":{"line":90,"column":58},"end":{"line":106,"column":3}},"locations":[{"start":{"line":90,"column":58},"end":{"line":106,"column":3}}]},"12":{"type":"branch","line":99,"loc":{"start":{"line":99,"column":18},"end":{"line":101,"column":5}},"locations":[{"start":{"line":99,"column":18},"end":{"line":101,"column":5}}]},"13":{"type":"branch","line":108,"loc":{"start":{"line":108,"column":47},"end":{"line":124,"column":3}},"locations":[{"start":{"line":108,"column":47},"end":{"line":124,"column":3}}]},"14":{"type":"branch","line":117,"loc":{"start":{"line":117,"column":18},"end":{"line":119,"column":5}},"locations":[{"start":{"line":117,"column":18},"end":{"line":119,"column":5}}]},"15":{"type":"branch","line":126,"loc":{"start":{"line":126,"column":57},"end":{"line":148,"column":3}},"locations":[{"start":{"line":126,"column":57},"end":{"line":148,"column":3}}]},"16":{"type":"branch","line":136,"loc":{"start":{"line":136,"column":18},"end":{"line":138,"column":5}},"locations":[{"start":{"line":136,"column":18},"end":{"line":138,"column":5}}]},"17":{"type":"branch","line":145,"loc":{"start":{"line":145,"column":18},"end":{"line":147,"column":5}},"locations":[{"start":{"line":145,"column":18},"end":{"line":147,"column":5}}]},"18":{"type":"branch","line":150,"loc":{"start":{"line":150,"column":51},"end":{"line":170,"column":3}},"locations":[{"start":{"line":150,"column":51},"end":{"line":170,"column":3}}]},"19":{"type":"branch","line":160,"loc":{"start":{"line":160,"column":18},"end":{"line":162,"column":5}},"locations":[{"start":{"line":160,"column":18},"end":{"line":162,"column":5}}]},"20":{"type":"branch","line":167,"loc":{"start":{"line":167,"column":18},"end":{"line":169,"column":5}},"locations":[{"start":{"line":167,"column":18},"end":{"line":169,"column":5}}]},"21":{"type":"branch","line":172,"loc":{"start":{"line":172,"column":72},"end":{"line":192,"column":3}},"locations":[{"start":{"line":172,"column":72},"end":{"line":192,"column":3}}]},"22":{"type":"branch","line":173,"loc":{"start":{"line":173,"column":42},"end":{"line":173,"column":53}},"locations":[{"start":{"line":173,"column":42},"end":{"line":173,"column":53}}]},"23":{"type":"branch","line":182,"loc":{"start":{"line":182,"column":18},"end":{"line":184,"column":5}},"locations":[{"start":{"line":182,"column":18},"end":{"line":184,"column":5}}]}},"b":{"0":[1],"1":[9],"2":[2],"3":[1],"4":[1],"5":[1],"6":[2],"7":[1],"8":[2],"9":[1],"10":[2],"11":[1],"12":[2],"13":[1],"14":[2],"15":[1],"16":[2],"17":[2],"18":[1],"19":[2],"20":[2],"21":[1],"22":[1],"23":[2]},"fnMap":{},"f":{}}
,"/Users/mauriciovelasquezsilva/0000000/guia/fase_5_githubAction-ECR/paso2-servicio-alumnos/app-alumnos-frontent/src/components/AlumnoForm.jsx": {"path":"/Users/mauriciovelasquezsilva/0000000/guia/fase_5_githubAction-ECR/paso2-servicio-alumnos/app-alumnos-frontent/src/components/AlumnoForm.jsx","all":false,"statementMap":{"0":{"start":{"line":1,"column":0},"end":{"line":1,"column":43}},"1":{"start":{"line":2,"column":0},"end":{"line":2,"column":57}},"2":{"start":{"line":3,"column":0},"end":{"line":3,"column":53}},"4":{"start":{"line":5,"column":0},"end":{"line":5,"column":23}},"5":{"start":{"line":6,"column":0},"end":{"line":6,"column":32}},"6":{"start":{"line":7,"column":0},"end":{"line":7,"column":28}},"8":{"start":{"line":9,"column":0},"end":{"line":9,"column":44}},"9":{"start":{"line":10,"column":0},"end":{"line":10,"column":12}},"10":{"start":{"line":11,"column":0},"end":{"line":11,"column":15}},"11":{"start":{"line":12,"column":0},"end":{"line":12,"column":17}},"12":{"start":{"line":13,"column":0},"end":{"line":13,"column":4}},"13":{"start":{"line":14,"column":0},"end":{"line":14,"column":42}},"14":{"start":{"line":15,"column":0},"end":{"line":15,"column":47}},"15":{"start":{"line":16,"column":0},"end":{"line":16,"column":53}},"17":{"start":{"line":18,"column":0},"end":{"line":18,"column":19}},"18":{"start":{"line":19,"column":0},"end":{"line":19,"column":13}},"19":{"start":{"line":20,"column":0},"end":{"line":20,"column":19}},"20":{"start":{"line":21,"column":0},"end":{"line":21,"column":5}},"21":{"start":{"line":22,"column":0},"end":{"line":22,"column":10}},"23":{"start":{"line":24,"column":0},"end":{"line":24,"column":35}},"24":{"start":{"line":25,"column":0},"end":{"line":25,"column":9}},"25":{"start":{"line":26,"column":0},"end":{"line":26,"column":52}},"26":{"start":{"line":27,"column":0},"end":{"line":27,"column":19}},"27":{"start":{"line":28,"column":0},"end":{"line":28,"column":30}},"28":{"start":{"line":29,"column":0},"end":{"line":29,"column":36}},"29":{"start":{"line":30,"column":0},"end":{"line":30,"column":40}},"30":{"start":{"line":31,"column":0},"end":{"line":31,"column":8}},"31":{"start":{"line":32,"column":0},"end":{"line":32,"column":19}},"32":{"start":{"line":33,"column":0},"end":{"line":33,"column":50}},"33":{"start":{"line":34,"column":0},"end":{"line":34,"column":5}},"34":{"start":{"line":35,"column":0},"end":{"line":35,"column":3}},"36":{"start":{"line":37,"column":0},"end":{"line":37,"column":26}},"37":{"start":{"line":38,"column":0},"end":{"line":38,"column":24}},"38":{"start":{"line":39,"column":0},"end":{"line":39,"column":32}},"39":{"start":{"line":40,"column":0},"end":{"line":40,"column":45}},"40":{"start":{"line":41,"column":0},"end":{"line":41,"column":5}},"41":{"start":{"line":42,"column":0},"end":{"line":42,"column":35}},"42":{"start":{"line":43,"column":0},"end":{"line":43,"column":51}},"43":{"start":{"line":44,"column":0},"end":{"line":44,"column":5}},"44":{"start":{"line":45,"column":0},"end":{"line":45,"column":37}},"45":{"start":{"line":46,"column":0},"end":{"line":46,"column":55}},"46":{"start":{"line":47,"column":0},"end":{"line":47,"column":5}},"47":{"start":{"line":48,"column":0},"end":{"line":48,"column":20}},"48":{"start":{"line":49,"column":0},"end":{"line":49,"column":3}},"50":{"start":{"line":51,"column":0},"end":{"line":51,"column":31}},"51":{"start":{"line":52,"column":0},"end":{"line":52,"column":36}},"52":{"start":{"line":53,"column":0},"end":{"line":53,"column":55}},"53":{"start":{"line":54,"column":0},"end":{"line":54,"column":23}},"54":{"start":{"line":55,"column":0},"end":{"line":55,"column":52}},"55":{"start":{"line":56,"column":0},"end":{"line":56,"column":5}},"56":{"start":{"line":57,"column":0},"end":{"line":57,"column":3}},"58":{"start":{"line":59,"column":0},"end":{"line":59,"column":37}},"59":{"start":{"line":60,"column":0},"end":{"line":60,"column":22}},"60":{"start":{"line":61,"column":0},"end":{"line":61,"column":39}},"61":{"start":{"line":62,"column":0},"end":{"line":62,"column":51}},"62":{"start":{"line":63,"column":0},"end":{"line":63,"column":33}},"63":{"start":{"line":64,"column":0},"end":{"line":64,"column":12}},"64":{"start":{"line":65,"column":0},"end":{"line":65,"column":5}},"66":{"start":{"line":67,"column":0},"end":{"line":67,"column":23}},"67":{"start":{"line":68,"column":0},"end":{"line":68,"column":9}},"68":{"start":{"line":69,"column":0},"end":{"line":69,"column":15}},"69":{"start":{"line":70,"column":0},"end":{"line":70,"column":48}},"70":{"start":{"line":71,"column":0},"end":{"line":71,"column":14}},"71":{"start":{"line":72,"column":0},"end":{"line":72,"column":44}},"72":{"start":{"line":73,"column":0},"end":{"line":73,"column":7}},"73":{"start":{"line":74,"column":0},"end":{"line":74,"column":19}},"74":{"start":{"line":75,"column":0},"end":{"line":75,"column":19}},"75":{"start":{"line":76,"column":0},"end":{"line":76,"column":48}},"76":{"start":{"line":77,"column":0},"end":{"line":77,"column":71}},"77":{"start":{"line":78,"column":0},"end":{"line":78,"column":15}},"78":{"start":{"line":79,"column":0},"end":{"line":79,"column":26}},"79":{"start":{"line":80,"column":0},"end":{"line":80,"column":5}},"80":{"start":{"line":81,"column":0},"end":{"line":81,"column":3}},"82":{"start":{"line":83,"column":0},"end":{"line":83,"column":10}},"83":{"start":{"line":84,"column":0},"end":{"line":84,"column":39}},"84":{"start":{"line":85,"column":0},"end":{"line":85,"column":28}},"85":{"start":{"line":86,"column":0},"end":{"line":86,"column":57}},"86":{"start":{"line":87,"column":0},"end":{"line":87,"column":49}},"87":{"start":{"line":88,"column":0},"end":{"line":88,"column":13}},"88":{"start":{"line":89,"column":0},"end":{"line":89,"column":42}},"89":{"start":{"line":90,"column":0},"end":{"line":90,"column":91}},"90":{"start":{"line":91,"column":0},"end":{"line":91,"column":12}},"91":{"start":{"line":92,"column":0},"end":{"line":92,"column":12}},"93":{"start":{"line":94,"column":0},"end":{"line":94,"column":57}},"94":{"start":{"line":95,"column":0},"end":{"line":95,"column":60}},"95":{"start":{"line":96,"column":0},"end":{"line":96,"column":65}},"96":{"start":{"line":97,"column":0},"end":{"line":97,"column":17}},"97":{"start":{"line":98,"column":0},"end":{"line":98,"column":92}},"99":{"start":{"line":100,"column":0},"end":{"line":100,"column":22}},"100":{"start":{"line":101,"column":0},"end":{"line":101,"column":20}},"101":{"start":{"line":102,"column":0},"end":{"line":102,"column":27}},"102":{"start":{"line":103,"column":0},"end":{"line":103,"column":24}},"103":{"start":{"line":104,"column":0},"end":{"line":104,"column":26}},"104":{"start":{"line":105,"column":0},"end":{"line":105,"column":36}},"105":{"start":{"line":106,"column":0},"end":{"line":106,"column":39}},"106":{"start":{"line":107,"column":0},"end":{"line":107,"column":193}},"107":{"start":{"line":108,"column":0},"end":{"line":108,"column":40}},"108":{"start":{"line":109,"column":0},"end":{"line":109,"column":16}},"109":{"start":{"line":110,"column":0},"end":{"line":110,"column":87}},"110":{"start":{"line":111,"column":0},"end":{"line":111,"column":18}},"112":{"start":{"line":113,"column":0},"end":{"line":113,"column":17}},"113":{"start":{"line":114,"column":0},"end":{"line":114,"column":95}},"115":{"start":{"line":116,"column":0},"end":{"line":116,"column":22}},"116":{"start":{"line":117,"column":0},"end":{"line":117,"column":20}},"117":{"start":{"line":118,"column":0},"end":{"line":118,"column":27}},"118":{"start":{"line":119,"column":0},"end":{"line":119,"column":27}},"119":{"start":{"line":120,"column":0},"end":{"line":120,"column":29}},"120":{"start":{"line":121,"column":0},"end":{"line":121,"column":39}},"121":{"start":{"line":122,"column":0},"end":{"line":122,"column":39}},"122":{"start":{"line":123,"column":0},"end":{"line":123,"column":196}},"123":{"start":{"line":124,"column":0},"end":{"line":124,"column":34}},"124":{"start":{"line":125,"column":0},"end":{"line":125,"column":16}},"125":{"start":{"line":126,"column":0},"end":{"line":126,"column":93}},"126":{"start":{"line":127,"column":0},"end":{"line":127,"column":18}},"128":{"start":{"line":129,"column":0},"end":{"line":129,"column":17}},"129":{"start":{"line":130,"column":0},"end":{"line":130,"column":97}},"131":{"start":{"line":132,"column":0},"end":{"line":132,"column":22}},"132":{"start":{"line":133,"column":0},"end":{"line":133,"column":20}},"133":{"start":{"line":134,"column":0},"end":{"line":134,"column":27}},"134":{"start":{"line":135,"column":0},"end":{"line":135,"column":29}},"135":{"start":{"line":136,"column":0},"end":{"line":136,"column":31}},"136":{"start":{"line":137,"column":0},"end":{"line":137,"column":41}},"137":{"start":{"line":138,"column":0},"end":{"line":138,"column":39}},"138":{"start":{"line":139,"column":0},"end":{"line":139,"column":198}},"139":{"start":{"line":140,"column":0},"end":{"line":140,"column":35}},"140":{"start":{"line":141,"column":0},"end":{"line":141,"column":16}},"141":{"start":{"line":142,"column":0},"end":{"line":142,"column":97}},"142":{"start":{"line":143,"column":0},"end":{"line":143,"column":18}},"143":{"start":{"line":144,"column":0},"end":{"line":144,"column":16}},"145":{"start":{"line":146,"column":0},"end":{"line":146,"column":97}},"146":{"start":{"line":147,"column":0},"end":{"line":147,"column":19}},"147":{"start":{"line":148,"column":0},"end":{"line":148,"column":27}},"148":{"start":{"line":149,"column":0},"end":{"line":149,"column":43}},"149":{"start":{"line":150,"column":0},"end":{"line":150,"column":120}},"150":{"start":{"line":151,"column":0},"end":{"line":151,"column":13}},"152":{"start":{"line":153,"column":0},"end":{"line":153,"column":21}},"153":{"start":{"line":154,"column":0},"end":{"line":154,"column":19}},"154":{"start":{"line":155,"column":0},"end":{"line":155,"column":27}},"155":{"start":{"line":156,"column":0},"end":{"line":156,"column":35}},"156":{"start":{"line":157,"column":0},"end":{"line":157,"column":199}},"158":{"start":{"line":159,"column":0},"end":{"line":159,"column":29}},"159":{"start":{"line":160,"column":0},"end":{"line":160,"column":18}},"160":{"start":{"line":161,"column":0},"end":{"line":161,"column":99}},"161":{"start":{"line":162,"column":0},"end":{"line":162,"column":43}},"162":{"start":{"line":163,"column":0},"end":{"line":163,"column":19}},"164":{"start":{"line":165,"column":0},"end":{"line":165,"column":72}},"166":{"start":{"line":167,"column":0},"end":{"line":167,"column":21}},"167":{"start":{"line":168,"column":0},"end":{"line":168,"column":16}},"168":{"start":{"line":169,"column":0},"end":{"line":169,"column":15}},"169":{"start":{"line":170,"column":0},"end":{"line":170,"column":12}},"170":{"start":{"line":171,"column":0},"end":{"line":171,"column":10}},"172":{"start":{"line":173,"column":0},"end":{"line":173,"column":1}},"174":{"start":{"line":175,"column":0},"end":{"line":175,"column":25}}},"s":{"0":1,"1":1,"2":1,"4":29,"5":29,"6":29,"8":29,"9":29,"10":29,"11":29,"12":29,"13":29,"14":29,"15":29,"17":29,"18":10,"19":4,"20":4,"21":29,"23":29,"24":4,"25":4,"26":3,"27":4,"28":4,"29":4,"30":4,"31":4,"32":1,"33":1,"34":4,"36":29,"37":5,"38":5,"39":2,"40":2,"41":5,"42":2,"43":2,"44":5,"45":2,"46":2,"47":5,"48":5,"50":29,"51":8,"52":8,"53":8,"54":1,"55":1,"56":8,"58":29,"59":5,"60":5,"61":5,"62":2,"63":2,"64":2,"66":3,"67":3,"68":5,"69":1,"70":5,"71":2,"72":1,"73":2,"74":5,"75":1,"76":1,"77":5,"78":3,"79":3,"80":5,"82":29,"83":29,"84":29,"85":29,"86":29,"87":29,"88":29,"89":29,"90":29,"91":29,"93":29,"94":29,"95":29,"96":29,"97":29,"99":29,"100":29,"101":29,"102":29,"103":29,"104":29,"105":29,"106":29,"107":29,"108":29,"109":29,"110":29,"112":29,"113":29,"115":29,"116":29,"117":29,"118":29,"119":29,"120":29,"121":29,"122":29,"123":29,"124":29,"125":29,"126":29,"128":29,"129":29,"131":29,"132":29,"133":29,"134":29,"135":29,"136":29,"137":29,"138":29,"139":29,"140":29,"141":29,"142":29,"143":29,"145":29,"146":29,"147":29,"148":29,"149":29,"150":29,"152":29,"153":29,"154":29,"155":29,"156":29,"158":29,"159":3,"160":3,"161":3,"162":3,"164":26,"166":29,"167":29,"168":29,"169":29,"170":29,"172":29,"174":1},"branchMap":{"0":{"type":"branch","line":5,"loc":{"start":{"line":5,"column":0},"end":{"line":173,"column":1}},"locations":[{"start":{"line":5,"column":0},"end":{"line":173,"column":1}}]},"1":{"type":"branch","line":87,"loc":{"start":{"line":87,"column":11},"end":{"line":87,"column":34}},"locations":[{"start":{"line":87,"column":11},"end":{"line":87,"column":34}}]},"2":{"type":"branch","line":87,"loc":{"start":{"line":87,"column":16},"end":{"line":87,"column":49}},"locations":[{"start":{"line":87,"column":16},"end":{"line":87,"column":49}}]},"3":{"type":"branch","line":90,"loc":{"start":{"line":90,"column":11},"end":{"line":90,"column":50}},"locations":[{"start":{"line":90,"column":11},"end":{"line":90,"column":50}}]},"4":{"type":"branch","line":90,"loc":{"start":{"line":90,"column":16},"end":{"line":90,"column":91}},"locations":[{"start":{"line":90,"column":16},"end":{"line":90,"column":91}}]},"5":{"type":"branch","line":107,"loc":{"start":{"line":107,"column":61},"end":{"line":107,"column":86}},"locations":[{"start":{"line":107,"column":61},"end":{"line":107,"column":86}}]},"6":{"type":"branch","line":107,"loc":{"start":{"line":107,"column":67},"end":{"line":107,"column":103}},"locations":[{"start":{"line":107,"column":67},"end":{"line":107,"column":103}}]},"7":{"type":"branch","line":110,"loc":{"start":{"line":110,"column":22},"end":{"line":110,"column":87}},"locations":[{"start":{"line":110,"column":22},"end":{"line":110,"column":87}}]},"8":{"type":"branch","line":123,"loc":{"start":{"line":123,"column":61},"end":{"line":123,"column":89}},"locations":[{"start":{"line":123,"column":61},"end":{"line":123,"column":89}}]},"9":{"type":"branch","line":123,"loc":{"start":{"line":123,"column":70},"end":{"line":123,"column":106}},"locations":[{"start":{"line":123,"column":70},"end":{"line":123,"column":106}}]},"10":{"type":"branch","line":126,"loc":{"start":{"line":126,"column":22},"end":{"line":126,"column":93}},"locations":[{"start":{"line":126,"column":22},"end":{"line":126,"column":93}}]},"11":{"type":"branch","line":139,"loc":{"start":{"line":139,"column":61},"end":{"line":139,"column":91}},"locations":[{"start":{"line":139,"column":61},"end":{"line":139,"column":91}}]},"12":{"type":"branch","line":139,"loc":{"start":{"line":139,"column":72},"end":{"line":139,"column":108}},"locations":[{"start":{"line":139,"column":72},"end":{"line":139,"column":108}}]},"13":{"type":"branch","line":142,"loc":{"start":{"line":142,"column":22},"end":{"line":142,"column":97}},"locations":[{"start":{"line":142,"column":22},"end":{"line":142,"column":97}}]},"14":{"type":"branch","line":159,"loc":{"start":{"line":159,"column":15},"end":{"line":163,"column":19}},"locations":[{"start":{"line":159,"column":15},"end":{"line":163,"column":19}}]},"15":{"type":"branch","line":163,"loc":{"start":{"line":163,"column":16},"end":{"line":165,"column":72}},"locations":[{"start":{"line":163,"column":16},"end":{"line":165,"column":72}}]},"16":{"type":"branch","line":165,"loc":{"start":{"line":165,"column":23},"end":{"line":165,"column":50}},"locations":[{"start":{"line":165,"column":23},"end":{"line":165,"column":50}}]},"17":{"type":"branch","line":165,"loc":{"start":{"line":165,"column":28},"end":{"line":165,"column":65}},"locations":[{"start":{"line":165,"column":28},"end":{"line":165,"column":65}}]},"18":{"type":"branch","line":18,"loc":{"start":{"line":18,"column":12},"end":{"line":22,"column":5}},"locations":[{"start":{"line":18,"column":12},"end":{"line":22,"column":5}}]},"19":{"type":"branch","line":19,"loc":{"start":{"line":19,"column":12},"end":{"line":21,"column":5}},"locations":[{"start":{"line":19,"column":12},"end":{"line":21,"column":5}}]},"20":{"type":"branch","line":24,"loc":{"start":{"line":24,"column":22},"end":{"line":35,"column":3}},"locations":[{"start":{"line":24,"column":22},"end":{"line":35,"column":3}}]},"21":{"type":"branch","line":26,"loc":{"start":{"line":26,"column":51},"end":{"line":28,"column":27}},"locations":[{"start":{"line":26,"column":51},"end":{"line":28,"column":27}}]},"22":{"type":"branch","line":28,"loc":{"start":{"line":28,"column":20},"end":{"line":28,"column":30}},"locations":[{"start":{"line":28,"column":20},"end":{"line":28,"column":30}}]},"23":{"type":"branch","line":29,"loc":{"start":{"line":29,"column":23},"end":{"line":29,"column":36}},"locations":[{"start":{"line":29,"column":23},"end":{"line":29,"column":36}}]},"24":{"type":"branch","line":30,"loc":{"start":{"line":30,"column":25},"end":{"line":30,"column":40}},"locations":[{"start":{"line":30,"column":25},"end":{"line":30,"column":40}}]},"25":{"type":"branch","line":32,"loc":{"start":{"line":32,"column":4},"end":{"line":34,"column":5}},"locations":[{"start":{"line":32,"column":4},"end":{"line":34,"column":5}}]},"26":{"type":"branch","line":37,"loc":{"start":{"line":37,"column":19},"end":{"line":49,"column":3}},"locations":[{"start":{"line":37,"column":19},"end":{"line":49,"column":3}}]},"27":{"type":"branch","line":39,"loc":{"start":{"line":39,"column":31},"end":{"line":41,"column":5}},"locations":[{"start":{"line":39,"column":31},"end":{"line":41,"column":5}}]},"28":{"type":"branch","line":42,"loc":{"start":{"line":42,"column":34},"end":{"line":44,"column":5}},"locations":[{"start":{"line":42,"column":34},"end":{"line":44,"column":5}}]},"29":{"type":"branch","line":45,"loc":{"start":{"line":45,"column":36},"end":{"line":47,"column":5}},"locations":[{"start":{"line":45,"column":36},"end":{"line":47,"column":5}}]},"30":{"type":"branch","line":51,"loc":{"start":{"line":51,"column":23},"end":{"line":57,"column":3}},"locations":[{"start":{"line":51,"column":23},"end":{"line":57,"column":3}}]},"31":{"type":"branch","line":54,"loc":{"start":{"line":54,"column":22},"end":{"line":56,"column":5}},"locations":[{"start":{"line":54,"column":22},"end":{"line":56,"column":5}}]},"32":{"type":"branch","line":53,"loc":{"start":{"line":53,"column":16},"end":{"line":53,"column":54}},"locations":[{"start":{"line":53,"column":16},"end":{"line":53,"column":54}}]},"33":{"type":"branch","line":55,"loc":{"start":{"line":55,"column":16},"end":{"line":55,"column":51}},"locations":[{"start":{"line":55,"column":16},"end":{"line":55,"column":51}}]},"34":{"type":"branch","line":59,"loc":{"start":{"line":59,"column":23},"end":{"line":81,"column":3}},"locations":[{"start":{"line":59,"column":23},"end":{"line":81,"column":3}}]},"35":{"type":"branch","line":62,"loc":{"start":{"line":62,"column":50},"end":{"line":65,"column":5}},"locations":[{"start":{"line":62,"column":50},"end":{"line":65,"column":5}}]},"36":{"type":"branch","line":65,"loc":{"start":{"line":65,"column":4},"end":{"line":69,"column":14}},"locations":[{"start":{"line":65,"column":4},"end":{"line":69,"column":14}}]},"37":{"type":"branch","line":69,"loc":{"start":{"line":69,"column":14},"end":{"line":71,"column":13}},"locations":[{"start":{"line":69,"column":14},"end":{"line":71,"column":13}}]},"38":{"type":"branch","line":71,"loc":{"start":{"line":71,"column":6},"end":{"line":75,"column":13}},"locations":[{"start":{"line":71,"column":6},"end":{"line":75,"column":13}}]},"39":{"type":"branch","line":72,"loc":{"start":{"line":72,"column":43},"end":{"line":73,"column":7}},"locations":[{"start":{"line":72,"column":43},"end":{"line":73,"column":7}}]},"40":{"type":"branch","line":75,"loc":{"start":{"line":75,"column":4},"end":{"line":78,"column":6}},"locations":[{"start":{"line":75,"column":4},"end":{"line":78,"column":6}}]},"41":{"type":"branch","line":78,"loc":{"start":{"line":78,"column":4},"end":{"line":80,"column":5}},"locations":[{"start":{"line":78,"column":4},"end":{"line":80,"column":5}}]},"42":{"type":"branch","line":149,"loc":{"start":{"line":149,"column":23},"end":{"line":149,"column":43}},"locations":[{"start":{"line":149,"column":23},"end":{"line":149,"column":43}}]}},"b":{"0":[29],"1":[10],"2":[19],"3":[10],"4":[19],"5":[2],"6":[27],"7":[2],"8":[3],"9":[26],"10":[3],"11":[3],"12":[26],"13":[3],"14":[3],"15":[26],"16":[9],"17":[17],"18":[10],"19":[4],"20":[4],"21":[3],"22":[1],"23":[1],"24":[1],"25":[1],"26":[5],"27":[2],"28":[2],"29":[2],"30":[8],"31":[1],"32":[8],"33":[1],"34":[5],"35":[2],"36":[3],"37":[1],"38":[2],"39":[1],"40":[1],"41":[3],"42":[1]},"fnMap":{"0":{"name":"AlumnoForm","decl":{"start":{"line":5,"column":0},"end":{"line":173,"column":1}},"loc":{"start":{"line":5,"column":0},"end":{"line":173,"column":1}},"line":5},"1":{"name":"fetchAlumno","decl":{"start":{"line":24,"column":22},"end":{"line":35,"column":3}},"loc":{"start":{"line":24,"column":22},"end":{"line":35,"column":3}},"line":24},"2":{"name":"validate","decl":{"start":{"line":37,"column":19},"end":{"line":49,"column":3}},"loc":{"start":{"line":37,"column":19},"end":{"line":49,"column":3}},"line":37},"3":{"name":"handleChange","decl":{"start":{"line":51,"column":23},"end":{"line":57,"column":3}},"loc":{"start":{"line":51,"column":23},"end":{"line":57,"column":3}},"line":51},"4":{"name":"handleSubmit","decl":{"start":{"line":59,"column":23},"end":{"line":81,"column":3}},"loc":{"start":{"line":59,"column":23},"end":{"line":81,"column":3}},"line":59},"5":{"name":"onClick","decl":{"start":{"line":149,"column":23},"end":{"line":149,"column":43}},"loc":{"start":{"line":149,"column":23},"end":{"line":149,"column":43}},"line":149}},"f":{"0":29,"1":4,"2":5,"3":8,"4":5,"5":1}}
,"/Users/mauriciovelasquezsilva/0000000/guia/fase_5_githubAction-ECR/paso2-servicio-alumnos/app-alumnos-frontent/src/components/AlumnoForm.test.jsx": {"path":"/Users/mauriciovelasquezsilva/0000000/guia/fase_5_githubAction-ECR/paso2-servicio-alumnos/app-alumnos-frontent/src/components/AlumnoForm.test.jsx","all":false,"statementMap":{"0":{"start":{"line":1,"column":0},"end":{"line":1,"column":75}},"2":{"start":{"line":3,"column":0},"end":{"line":3,"column":61}},"8":{"start":{"line":9,"column":0},"end":{"line":9,"column":28}},"9":{"start":{"line":10,"column":0},"end":{"line":10,"column":27}},"20":{"start":{"line":21,"column":0},"end":{"line":21,"column":30}},"21":{"start":{"line":22,"column":0},"end":{"line":22,"column":79}},"23":{"start":{"line":24,"column":0},"end":{"line":24,"column":20}},"24":{"start":{"line":25,"column":0},"end":{"line":25,"column":22}},"25":{"start":{"line":26,"column":0},"end":{"line":26,"column":27}},"26":{"start":{"line":27,"column":0},"end":{"line":27,"column":58}},"27":{"start":{"line":28,"column":0},"end":{"line":28,"column":4}},"29":{"start":{"line":30,"column":0},"end":{"line":30,"column":64}},"30":{"start":{"line":31,"column":0},"end":{"line":31,"column":11}},"31":{"start":{"line":32,"column":0},"end":{"line":32,"column":20}},"32":{"start":{"line":33,"column":0},"end":{"line":33,"column":22}},"33":{"start":{"line":34,"column":0},"end":{"line":34,"column":21}},"34":{"start":{"line":35,"column":0},"end":{"line":35,"column":5}},"36":{"start":{"line":37,"column":0},"end":{"line":37,"column":64}},"37":{"start":{"line":38,"column":0},"end":{"line":38,"column":69}},"38":{"start":{"line":39,"column":0},"end":{"line":39,"column":63}},"39":{"start":{"line":40,"column":0},"end":{"line":40,"column":64}},"40":{"start":{"line":41,"column":0},"end":{"line":41,"column":4}},"42":{"start":{"line":43,"column":0},"end":{"line":43,"column":98}},"43":{"start":{"line":44,"column":0},"end":{"line":44,"column":21}},"44":{"start":{"line":45,"column":0},"end":{"line":45,"column":59}},"46":{"start":{"line":47,"column":0},"end":{"line":47,"column":11}},"47":{"start":{"line":48,"column":0},"end":{"line":48,"column":20}},"48":{"start":{"line":49,"column":0},"end":{"line":49,"column":22}},"49":{"start":{"line":50,"column":0},"end":{"line":50,"column":21}},"50":{"start":{"line":51,"column":0},"end":{"line":51,"column":5}},"52":{"start":{"line":53,"column":0},"end":{"line":53,"column":65}},"53":{"start":{"line":54,"column":0},"end":{"line":54,"column":25}},"54":{"start":{"line":55,"column":0},"end":{"line":55,"column":76}},"55":{"start":{"line":56,"column":0},"end":{"line":56,"column":69}},"56":{"start":{"line":57,"column":0},"end":{"line":57,"column":71}},"57":{"start":{"line":58,"column":0},"end":{"line":58,"column":6}},"58":{"start":{"line":59,"column":0},"end":{"line":59,"column":4}},"60":{"start":{"line":61,"column":0},"end":{"line":61,"column":82}},"61":{"start":{"line":62,"column":0},"end":{"line":62,"column":21}},"62":{"start":{"line":63,"column":0},"end":{"line":63,"column":78}},"63":{"start":{"line":64,"column":0},"end":{"line":64,"column":74}},"65":{"start":{"line":66,"column":0},"end":{"line":66,"column":11}},"66":{"start":{"line":67,"column":0},"end":{"line":67,"column":20}},"67":{"start":{"line":68,"column":0},"end":{"line":68,"column":22}},"68":{"start":{"line":69,"column":0},"end":{"line":69,"column":21}},"69":{"start":{"line":70,"column":0},"end":{"line":70,"column":5}},"71":{"start":{"line":72,"column":0},"end":{"line":72,"column":25}},"72":{"start":{"line":73,"column":0},"end":{"line":73,"column":43}},"73":{"start":{"line":74,"column":0},"end":{"line":74,"column":6}},"74":{"start":{"line":75,"column":0},"end":{"line":75,"column":4}},"76":{"start":{"line":77,"column":0},"end":{"line":77,"column":88}},"77":{"start":{"line":78,"column":0},"end":{"line":78,"column":11}},"78":{"start":{"line":79,"column":0},"end":{"line":79,"column":20}},"79":{"start":{"line":80,"column":0},"end":{"line":80,"column":22}},"80":{"start":{"line":81,"column":0},"end":{"line":81,"column":21}},"81":{"start":{"line":82,"column":0},"end":{"line":82,"column":5}},"83":{"start":{"line":84,"column":0},"end":{"line":84,"column":57}},"84":{"start":{"line":85,"column":0},"end":{"line":85,"column":33}},"86":{"start":{"line":87,"column":0},"end":{"line":87,"column":73}},"87":{"start":{"line":88,"column":0},"end":{"line":88,"column":76}},"88":{"start":{"line":89,"column":0},"end":{"line":89,"column":78}},"89":{"start":{"line":90,"column":0},"end":{"line":90,"column":4}},"91":{"start":{"line":92,"column":0},"end":{"line":92,"column":91}},"92":{"start":{"line":93,"column":0},"end":{"line":93,"column":11}},"93":{"start":{"line":94,"column":0},"end":{"line":94,"column":20}},"94":{"start":{"line":95,"column":0},"end":{"line":95,"column":22}},"95":{"start":{"line":96,"column":0},"end":{"line":96,"column":21}},"96":{"start":{"line":97,"column":0},"end":{"line":97,"column":5}},"99":{"start":{"line":100,"column":0},"end":{"line":100,"column":53}},"100":{"start":{"line":101,"column":0},"end":{"line":101,"column":73}},"103":{"start":{"line":104,"column":0},"end":{"line":104,"column":62}},"104":{"start":{"line":105,"column":0},"end":{"line":105,"column":76}},"106":{"start":{"line":107,"column":0},"end":{"line":107,"column":42}},"107":{"start":{"line":108,"column":0},"end":{"line":108,"column":79}},"108":{"start":{"line":109,"column":0},"end":{"line":109,"column":4}},"110":{"start":{"line":111,"column":0},"end":{"line":111,"column":49}},"111":{"start":{"line":112,"column":0},"end":{"line":112,"column":11}},"112":{"start":{"line":113,"column":0},"end":{"line":113,"column":20}},"113":{"start":{"line":114,"column":0},"end":{"line":114,"column":22}},"114":{"start":{"line":115,"column":0},"end":{"line":115,"column":21}},"115":{"start":{"line":116,"column":0},"end":{"line":116,"column":5}},"117":{"start":{"line":118,"column":0},"end":{"line":118,"column":53}},"118":{"start":{"line":119,"column":0},"end":{"line":119,"column":33}},"120":{"start":{"line":121,"column":0},"end":{"line":121,"column":50}},"121":{"start":{"line":122,"column":0},"end":{"line":122,"column":4}},"123":{"start":{"line":124,"column":0},"end":{"line":124,"column":77}},"124":{"start":{"line":125,"column":0},"end":{"line":125,"column":106}},"126":{"start":{"line":127,"column":0},"end":{"line":127,"column":11}},"127":{"start":{"line":128,"column":0},"end":{"line":128,"column":20}},"128":{"start":{"line":129,"column":0},"end":{"line":129,"column":22}},"129":{"start":{"line":130,"column":0},"end":{"line":130,"column":21}},"130":{"start":{"line":131,"column":0},"end":{"line":131,"column":5}},"132":{"start":{"line":133,"column":0},"end":{"line":133,"column":108}},"133":{"start":{"line":134,"column":0},"end":{"line":134,"column":104}},"134":{"start":{"line":135,"column":0},"end":{"line":135,"column":108}},"136":{"start":{"line":137,"column":0},"end":{"line":137,"column":53}},"138":{"start":{"line":139,"column":0},"end":{"line":139,"column":25}},"139":{"start":{"line":140,"column":0},"end":{"line":140,"column":57}},"140":{"start":{"line":141,"column":0},"end":{"line":141,"column":21}},"141":{"start":{"line":142,"column":0},"end":{"line":142,"column":23}},"142":{"start":{"line":143,"column":0},"end":{"line":143,"column":25}},"143":{"start":{"line":144,"column":0},"end":{"line":144,"column":8}},"144":{"start":{"line":145,"column":0},"end":{"line":145,"column":52}},"145":{"start":{"line":146,"column":0},"end":{"line":146,"column":6}},"146":{"start":{"line":147,"column":0},"end":{"line":147,"column":4}},"148":{"start":{"line":149,"column":0},"end":{"line":149,"column":83}},"149":{"start":{"line":150,"column":0},"end":{"line":150,"column":21}},"150":{"start":{"line":151,"column":0},"end":{"line":151,"column":59}},"151":{"start":{"line":152,"column":0},"end":{"line":152,"column":117}},"153":{"start":{"line":154,"column":0},"end":{"line":154,"column":11}},"154":{"start":{"line":155,"column":0},"end":{"line":155,"column":20}},"155":{"start":{"line":156,"column":0},"end":{"line":156,"column":22}},"156":{"start":{"line":157,"column":0},"end":{"line":157,"column":21}},"157":{"start":{"line":158,"column":0},"end":{"line":158,"column":5}},"159":{"start":{"line":160,"column":0},"end":{"line":160,"column":25}},"160":{"start":{"line":161,"column":0},"end":{"line":161,"column":69}},"161":{"start":{"line":162,"column":0},"end":{"line":162,"column":6}},"163":{"start":{"line":164,"column":0},"end":{"line":164,"column":115}},"164":{"start":{"line":165,"column":0},"end":{"line":165,"column":58}},"166":{"start":{"line":167,"column":0},"end":{"line":167,"column":25}},"167":{"start":{"line":168,"column":0},"end":{"line":168,"column":62}},"168":{"start":{"line":169,"column":0},"end":{"line":169,"column":21}},"169":{"start":{"line":170,"column":0},"end":{"line":170,"column":34}},"170":{"start":{"line":171,"column":0},"end":{"line":171,"column":25}},"171":{"start":{"line":172,"column":0},"end":{"line":172,"column":8}},"172":{"start":{"line":173,"column":0},"end":{"line":173,"column":52}},"173":{"start":{"line":174,"column":0},"end":{"line":174,"column":6}},"174":{"start":{"line":175,"column":0},"end":{"line":175,"column":4}},"176":{"start":{"line":177,"column":0},"end":{"line":177,"column":80}},"177":{"start":{"line":178,"column":0},"end":{"line":178,"column":78}},"178":{"start":{"line":179,"column":0},"end":{"line":179,"column":72}},"180":{"start":{"line":181,"column":0},"end":{"line":181,"column":11}},"181":{"start":{"line":182,"column":0},"end":{"line":182,"column":20}},"182":{"start":{"line":183,"column":0},"end":{"line":183,"column":22}},"183":{"start":{"line":184,"column":0},"end":{"line":184,"column":21}},"184":{"start":{"line":185,"column":0},"end":{"line":185,"column":5}},"186":{"start":{"line":187,"column":0},"end":{"line":187,"column":108}},"187":{"start":{"line":188,"column":0},"end":{"line":188,"column":104}},"188":{"start":{"line":189,"column":0},"end":{"line":189,"column":108}},"190":{"start":{"line":191,"column":0},"end":{"line":191,"column":53}},"192":{"start":{"line":193,"column":0},"end":{"line":193,"column":25}},"193":{"start":{"line":194,"column":0},"end":{"line":194,"column":107}},"194":{"start":{"line":195,"column":0},"end":{"line":195,"column":43}},"195":{"start":{"line":196,"column":0},"end":{"line":196,"column":6}},"196":{"start":{"line":197,"column":0},"end":{"line":197,"column":4}},"198":{"start":{"line":199,"column":0},"end":{"line":199,"column":112}},"199":{"start":{"line":200,"column":0},"end":{"line":200,"column":21}},"200":{"start":{"line":201,"column":0},"end":{"line":201,"column":58}},"202":{"start":{"line":203,"column":0},"end":{"line":203,"column":11}},"203":{"start":{"line":204,"column":0},"end":{"line":204,"column":20}},"204":{"start":{"line":205,"column":0},"end":{"line":205,"column":22}},"205":{"start":{"line":206,"column":0},"end":{"line":206,"column":21}},"206":{"start":{"line":207,"column":0},"end":{"line":207,"column":5}},"208":{"start":{"line":209,"column":0},"end":{"line":209,"column":25}},"209":{"start":{"line":210,"column":0},"end":{"line":210,"column":71}},"210":{"start":{"line":211,"column":0},"end":{"line":211,"column":65}},"211":{"start":{"line":212,"column":0},"end":{"line":212,"column":66}},"212":{"start":{"line":213,"column":0},"end":{"line":213,"column":6}},"213":{"start":{"line":214,"column":0},"end":{"line":214,"column":4}},"214":{"start":{"line":215,"column":0},"end":{"line":215,"column":2}}},"s":{"0":1,"2":1,"8":1,"9":1,"20":1,"21":1,"23":1,"24":10,"25":10,"26":10,"27":1,"29":1,"30":1,"31":1,"32":1,"33":1,"34":1,"36":1,"37":1,"38":1,"39":1,"40":1,"42":1,"43":1,"44":1,"46":1,"47":1,"48":1,"49":1,"50":1,"52":1,"53":1,"54":2,"55":2,"56":2,"57":1,"58":1,"60":1,"61":1,"62":1,"63":1,"65":1,"66":1,"67":1,"68":1,"69":1,"71":1,"72":2,"73":1,"74":1,"76":1,"77":1,"78":1,"79":1,"80":1,"81":1,"83":1,"84":1,"86":1,"87":1,"88":1,"89":1,"91":1,"92":1,"93":1,"94":1,"95":1,"96":1,"99":1,"100":1,"103":1,"104":1,"106":1,"107":1,"108":1,"110":1,"111":1,"112":1,"113":1,"114":1,"115":1,"117":1,"118":1,"120":1,"121":1,"123":1,"124":1,"126":1,"127":1,"128":1,"129":1,"130":1,"132":1,"133":1,"134":1,"136":1,"138":1,"139":2,"140":2,"141":2,"142":2,"143":2,"144":2,"145":1,"146":1,"148":1,"149":1,"150":1,"151":1,"153":1,"154":1,"155":1,"156":1,"157":1,"159":1,"160":2,"161":1,"163":1,"164":1,"166":1,"167":2,"168":2,"169":2,"170":2,"171":2,"172":2,"173":1,"174":1,"176":1,"177":1,"178":1,"180":1,"181":1,"182":1,"183":1,"184":1,"186":1,"187":1,"188":1,"190":1,"192":1,"193":2,"194":2,"195":1,"196":1,"198":1,"199":1,"200":1,"202":1,"203":1,"204":1,"205":1,"206":1,"208":1,"209":1,"210":1,"211":1,"212":1,"213":1,"214":1},"branchMap":{"0":{"type":"branch","line":21,"loc":{"start":{"line":21,"column":23},"end":{"line":215,"column":2}},"locations":[{"start":{"line":21,"column":23},"end":{"line":215,"column":2}}]},"1":{"type":"branch","line":24,"loc":{"start":{"line":24,"column":13},"end":{"line":28,"column":3}},"locations":[{"start":{"line":24,"column":13},"end":{"line":28,"column":3}}]},"2":{"type":"branch","line":27,"loc":{"start":{"line":27,"column":49},"end":{"line":27,"column":57}},"locations":[{"start":{"line":27,"column":49},"end":{"line":27,"column":57}}]},"3":{"type":"branch","line":30,"loc":{"start":{"line":30,"column":57},"end":{"line":41,"column":3}},"locations":[{"start":{"line":30,"column":57},"end":{"line":41,"column":3}}]},"4":{"type":"branch","line":43,"loc":{"start":{"line":43,"column":85},"end":{"line":59,"column":3}},"locations":[{"start":{"line":43,"column":85},"end":{"line":59,"column":3}}]},"5":{"type":"branch","line":54,"loc":{"start":{"line":54,"column":18},"end":{"line":58,"column":5}},"locations":[{"start":{"line":54,"column":18},"end":{"line":58,"column":5}}]},"6":{"type":"branch","line":61,"loc":{"start":{"line":61,"column":69},"end":{"line":75,"column":3}},"locations":[{"start":{"line":61,"column":69},"end":{"line":75,"column":3}}]},"7":{"type":"branch","line":63,"loc":{"start":{"line":63,"column":69},"end":{"line":63,"column":77}},"locations":[{"start":{"line":63,"column":69},"end":{"line":63,"column":77}}]},"8":{"type":"branch","line":72,"loc":{"start":{"line":72,"column":18},"end":{"line":74,"column":5}},"locations":[{"start":{"line":72,"column":18},"end":{"line":74,"column":5}}]},"9":{"type":"branch","line":77,"loc":{"start":{"line":77,"column":81},"end":{"line":90,"column":3}},"locations":[{"start":{"line":77,"column":81},"end":{"line":90,"column":3}}]},"10":{"type":"branch","line":92,"loc":{"start":{"line":92,"column":84},"end":{"line":109,"column":3}},"locations":[{"start":{"line":92,"column":84},"end":{"line":109,"column":3}}]},"11":{"type":"branch","line":111,"loc":{"start":{"line":111,"column":42},"end":{"line":122,"column":3}},"locations":[{"start":{"line":111,"column":42},"end":{"line":122,"column":3}}]},"12":{"type":"branch","line":124,"loc":{"start":{"line":124,"column":64},"end":{"line":147,"column":3}},"locations":[{"start":{"line":124,"column":64},"end":{"line":147,"column":3}}]},"13":{"type":"branch","line":139,"loc":{"start":{"line":139,"column":18},"end":{"line":146,"column":5}},"locations":[{"start":{"line":139,"column":18},"end":{"line":146,"column":5}}]},"14":{"type":"branch","line":149,"loc":{"start":{"line":149,"column":70},"end":{"line":175,"column":3}},"locations":[{"start":{"line":149,"column":70},"end":{"line":175,"column":3}}]},"15":{"type":"branch","line":160,"loc":{"start":{"line":160,"column":18},"end":{"line":162,"column":5}},"locations":[{"start":{"line":160,"column":18},"end":{"line":162,"column":5}}]},"16":{"type":"branch","line":167,"loc":{"start":{"line":167,"column":18},"end":{"line":174,"column":5}},"locations":[{"start":{"line":167,"column":18},"end":{"line":174,"column":5}}]},"17":{"type":"branch","line":177,"loc":{"start":{"line":177,"column":67},"end":{"line":197,"column":3}},"locations":[{"start":{"line":177,"column":67},"end":{"line":197,"column":3}}]},"18":{"type":"branch","line":178,"loc":{"start":{"line":178,"column":69},"end":{"line":178,"column":77}},"locations":[{"start":{"line":178,"column":69},"end":{"line":178,"column":77}}]},"19":{"type":"branch","line":193,"loc":{"start":{"line":193,"column":18},"end":{"line":196,"column":5}},"locations":[{"start":{"line":193,"column":18},"end":{"line":196,"column":5}}]},"20":{"type":"branch","line":199,"loc":{"start":{"line":199,"column":99},"end":{"line":214,"column":3}},"locations":[{"start":{"line":199,"column":99},"end":{"line":214,"column":3}}]},"21":{"type":"branch","line":209,"loc":{"start":{"line":209,"column":18},"end":{"line":213,"column":5}},"locations":[{"start":{"line":209,"column":18},"end":{"line":213,"column":5}}]}},"b":{"0":[1],"1":[10],"2":[1],"3":[1],"4":[1],"5":[2],"6":[1],"7":[1],"8":[2],"9":[1],"10":[1],"11":[1],"12":[1],"13":[2],"14":[1],"15":[2],"16":[2],"17":[1],"18":[1],"19":[2],"20":[1],"21":[1]},"fnMap":{},"f":{}}
,"/Users/mauriciovelasquezsilva/0000000/guia/fase_5_githubAction-ECR/paso2-servicio-alumnos/app-alumnos-frontent/src/components/AlumnoList.jsx": {"path":"/Users/mauriciovelasquezsilva/0000000/guia/fase_5_githubAction-ECR/paso2-servicio-alumnos/app-alumnos-frontent/src/components/AlumnoList.jsx","all":false,"statementMap":{"0":{"start":{"line":1,"column":0},"end":{"line":1,"column":43}},"1":{"start":{"line":2,"column":0},"end":{"line":2,"column":39}},"2":{"start":{"line":3,"column":0},"end":{"line":3,"column":83}},"3":{"start":{"line":4,"column":0},"end":{"line":4,"column":53}},"5":{"start":{"line":6,"column":0},"end":{"line":6,"column":23}},"6":{"start":{"line":7,"column":0},"end":{"line":7,"column":44}},"7":{"start":{"line":8,"column":0},"end":{"line":8,"column":46}},"8":{"start":{"line":9,"column":0},"end":{"line":9,"column":50}},"9":{"start":{"line":10,"column":0},"end":{"line":10,"column":42}},"11":{"start":{"line":12,"column":0},"end":{"line":12,"column":19}},"12":{"start":{"line":13,"column":0},"end":{"line":13,"column":18}},"13":{"start":{"line":14,"column":0},"end":{"line":14,"column":8}},"15":{"start":{"line":16,"column":0},"end":{"line":16,"column":36}},"16":{"start":{"line":17,"column":0},"end":{"line":17,"column":9}},"17":{"start":{"line":18,"column":0},"end":{"line":18,"column":47}},"18":{"start":{"line":19,"column":0},"end":{"line":19,"column":22}},"19":{"start":{"line":20,"column":0},"end":{"line":20,"column":20}},"20":{"start":{"line":21,"column":0},"end":{"line":21,"column":19}},"21":{"start":{"line":22,"column":0},"end":{"line":22,"column":75}},"22":{"start":{"line":23,"column":0},"end":{"line":23,"column":51}},"23":{"start":{"line":24,"column":0},"end":{"line":24,"column":15}},"24":{"start":{"line":25,"column":0},"end":{"line":25,"column":23}},"25":{"start":{"line":26,"column":0},"end":{"line":26,"column":5}},"26":{"start":{"line":27,"column":0},"end":{"line":27,"column":3}},"28":{"start":{"line":29,"column":0},"end":{"line":29,"column":38}},"29":{"start":{"line":30,"column":0},"end":{"line":30,"column":66}},"30":{"start":{"line":31,"column":0},"end":{"line":31,"column":11}},"31":{"start":{"line":32,"column":0},"end":{"line":32,"column":38}},"32":{"start":{"line":33,"column":0},"end":{"line":33,"column":64}},"33":{"start":{"line":34,"column":0},"end":{"line":34,"column":21}},"34":{"start":{"line":35,"column":0},"end":{"line":35,"column":48}},"35":{"start":{"line":36,"column":0},"end":{"line":36,"column":52}},"36":{"start":{"line":37,"column":0},"end":{"line":37,"column":7}},"37":{"start":{"line":38,"column":0},"end":{"line":38,"column":5}},"38":{"start":{"line":39,"column":0},"end":{"line":39,"column":3}},"40":{"start":{"line":41,"column":0},"end":{"line":41,"column":41}},"41":{"start":{"line":42,"column":0},"end":{"line":42,"column":15}},"42":{"start":{"line":43,"column":0},"end":{"line":43,"column":72}},"43":{"start":{"line":44,"column":0},"end":{"line":44,"column":74}},"44":{"start":{"line":45,"column":0},"end":{"line":45,"column":66}},"45":{"start":{"line":46,"column":0},"end":{"line":46,"column":3}},"47":{"start":{"line":48,"column":0},"end":{"line":48,"column":16}},"48":{"start":{"line":49,"column":0},"end":{"line":49,"column":12}},"49":{"start":{"line":50,"column":0},"end":{"line":50,"column":61}},"50":{"start":{"line":51,"column":0},"end":{"line":51,"column":97}},"51":{"start":{"line":52,"column":0},"end":{"line":52,"column":12}},"53":{"start":{"line":54,"column":0},"end":{"line":54,"column":3}},"55":{"start":{"line":56,"column":0},"end":{"line":56,"column":10}},"56":{"start":{"line":57,"column":0},"end":{"line":57,"column":31}},"57":{"start":{"line":58,"column":0},"end":{"line":58,"column":84}},"58":{"start":{"line":59,"column":0},"end":{"line":59,"column":13}},"59":{"start":{"line":60,"column":0},"end":{"line":60,"column":80}},"60":{"start":{"line":61,"column":0},"end":{"line":61,"column":94}},"61":{"start":{"line":62,"column":0},"end":{"line":62,"column":14}},"62":{"start":{"line":63,"column":0},"end":{"line":63,"column":13}},"63":{"start":{"line":64,"column":0},"end":{"line":64,"column":29}},"64":{"start":{"line":65,"column":0},"end":{"line":65,"column":161}},"66":{"start":{"line":67,"column":0},"end":{"line":67,"column":40}},"67":{"start":{"line":68,"column":0},"end":{"line":68,"column":35}},"68":{"start":{"line":69,"column":0},"end":{"line":69,"column":15}},"69":{"start":{"line":70,"column":0},"end":{"line":70,"column":12}},"71":{"start":{"line":72,"column":0},"end":{"line":72,"column":17}},"72":{"start":{"line":73,"column":0},"end":{"line":73,"column":91}},"73":{"start":{"line":74,"column":0},"end":{"line":74,"column":17}},"74":{"start":{"line":75,"column":0},"end":{"line":75,"column":14}},"77":{"start":{"line":78,"column":0},"end":{"line":78,"column":57}},"78":{"start":{"line":79,"column":0},"end":{"line":79,"column":30}},"79":{"start":{"line":80,"column":0},"end":{"line":80,"column":36}},"80":{"start":{"line":81,"column":0},"end":{"line":81,"column":109}},"81":{"start":{"line":82,"column":0},"end":{"line":82,"column":18}},"82":{"start":{"line":83,"column":0},"end":{"line":83,"column":25}},"83":{"start":{"line":84,"column":0},"end":{"line":84,"column":64}},"84":{"start":{"line":85,"column":0},"end":{"line":85,"column":32}},"85":{"start":{"line":86,"column":0},"end":{"line":86,"column":61}},"86":{"start":{"line":87,"column":0},"end":{"line":87,"column":158}},"87":{"start":{"line":88,"column":0},"end":{"line":88,"column":14}},"88":{"start":{"line":89,"column":0},"end":{"line":89,"column":16}},"89":{"start":{"line":90,"column":0},"end":{"line":90,"column":14}},"91":{"start":{"line":92,"column":0},"end":{"line":92,"column":41}},"92":{"start":{"line":93,"column":0},"end":{"line":93,"column":45}},"93":{"start":{"line":94,"column":0},"end":{"line":94,"column":80}},"94":{"start":{"line":95,"column":0},"end":{"line":95,"column":92}},"95":{"start":{"line":96,"column":0},"end":{"line":96,"column":86}},"96":{"start":{"line":97,"column":0},"end":{"line":97,"column":16}},"98":{"start":{"line":99,"column":0},"end":{"line":99,"column":43}},"99":{"start":{"line":100,"column":0},"end":{"line":100,"column":38}},"100":{"start":{"line":101,"column":0},"end":{"line":101,"column":21}},"101":{"start":{"line":102,"column":0},"end":{"line":102,"column":43}},"102":{"start":{"line":103,"column":0},"end":{"line":103,"column":120}},"103":{"start":{"line":104,"column":0},"end":{"line":104,"column":121}},"104":{"s
[...]
,"end":{"line":151,"column":2}}},"s":{"0":1,"2":1,"8":1,"9":1,"10":1,"11":1,"12":1,"14":1,"15":7,"16":7,"17":1,"19":1,"20":1,"21":1,"22":1,"23":1,"24":1,"25":1,"26":1,"27":1,"29":1,"30":1,"32":1,"33":1,"34":1,"35":1,"36":1,"38":1,"39":2,"40":2,"41":1,"42":1,"44":1,"45":1,"47":1,"48":1,"49":1,"50":1,"51":1,"53":1,"54":2,"55":1,"56":1,"58":1,"59":1,"61":1,"62":1,"63":1,"64":1,"65":1,"67":1,"68":2,"69":1,"71":1,"72":1,"74":1,"75":1,"78":1,"79":1,"80":1,"82":1,"83":1,"84":1,"86":1,"87":1,"88":1,"89":1,"90":1,"92":1,"93":2,"94":1,"96":1,"97":1,"99":1,"100":1,"102":1,"103":2,"104":1,"105":1,"107":1,"108":1,"109":1,"111":1,"112":1,"113":1,"114":1,"115":1,"117":1,"118":2,"119":1,"121":1,"122":1,"124":1,"125":2,"126":1,"127":1,"129":1,"130":1,"131":1,"133":1,"134":1,"135":1,"136":1,"137":1,"139":1,"140":2,"141":1,"143":1,"144":1,"146":1,"147":1,"148":1,"149":1,"150":1},"branchMap":{"0":{"type":"branch","line":9,"loc":{"start":{"line":9,"column":23},"end":{"line":151,"column":2}},"locations":[{"start":{"line":9,"column":23},"end":{"line":151,"column":2}}]},"1":{"type":"branch","line":15,"loc":{"start":{"line":15,"column":13},"end":{"line":18,"column":3}},"locations":[{"start":{"line":15,"column":13},"end":{"line":18,"column":3}}]},"2":{"type":"branch","line":17,"loc":{"start":{"line":17,"column":51},"end":{"line":17,"column":61}},"locations":[{"start":{"line":17,"column":51},"end":{"line":17,"column":61}}]},"3":{"type":"branch","line":20,"loc":{"start":{"line":20,"column":57},"end":{"line":28,"column":3}},"locations":[{"start":{"line":20,"column":57},"end":{"line":28,"column":3}}]},"4":{"type":"branch","line":21,"loc":{"start":{"line":21,"column":53},"end":{"line":21,"column":61}},"locations":[{"start":{"line":21,"column":53},"end":{"line":21,"column":61}}]},"5":{"type":"branch","line":30,"loc":{"start":{"line":30,"column":64},"end":{"line":43,"column":3}},"locations":[{"start":{"line":30,"column":64},"end":{"line":43,"column":3}}]},"6":{"type":"branch","line":39,"loc":{"start":{"line":39,"column":18},"end":{"line":42,"column":5}},"locations":[{"start":{"line":39,"column":18},"end":{"line":42,"column":5}}]},"7":{"type":"branch","line":45,"loc":{"start":{"line":45,"column":62},"end":{"line":57,"column":3}},"locations":[{"start":{"line":45,"column":62},"end":{"line":57,"column":3}}]},"8":{"type":"branch","line":54,"loc":{"start":{"line":54,"column":18},"end":{"line":56,"column":5}},"locations":[{"start":{"line":54,"column":18},"end":{"line":56,"column":5}}]},"9":{"type":"branch","line":59,"loc":{"start":{"line":59,"column":62},"end":{"line":81,"column":3}},"locations":[{"start":{"line":59,"column":62},"end":{"line":81,"column":3}}]},"10":{"type":"branch","line":68,"loc":{"start":{"line":68,"column":18},"end":{"line":70,"column":5}},"locations":[{"start":{"line":68,"column":18},"end":{"line":70,"column":5}}]},"11":{"type":"branch","line":83,"loc":{"start":{"line":83,"column":79},"end":{"line":106,"column":3}},"locations":[{"start":{"line":83,"column":79},"end":{"line":106,"column":3}}]},"12":{"type":"branch","line":93,"loc":{"start":{"line":93,"column":18},"end":{"line":95,"column":5}},"locations":[{"start":{"line":93,"column":18},"end":{"line":95,"column":5}}]},"13":{"type":"branch","line":103,"loc":{"start":{"line":103,"column":18},"end":{"line":105,"column":5}},"locations":[{"start":{"line":103,"column":18},"end":{"line":105,"column":5}}]},"14":{"type":"branch","line":108,"loc":{"start":{"line":108,"column":51},"end":{"line":128,"column":3}},"locations":[{"start":{"line":108,"column":51},"end":{"line":128,"column":3}}]},"15":{"type":"branch","line":118,"loc":{"start":{"line":118,"column":18},"end":{"line":120,"column":5}},"locations":[{"start":{"line":118,"column":18},"end":{"line":120,"column":5}}]},"16":{"type":"branch","line":125,"loc":{"start":{"line":125,"column":18},"end":{"line":127,"column":5}},"locations":[{"start":{"line":125,"column":18},"end":{"line":127,"column":5}}]},"17":{"type":"branch","line":130,"loc":{"start":{"line":130,"column":63},"end":{"line":150,"column":3}},"locations":[{"start":{"line":130,"column":63},"end":{"line":150,"column":3}}]},"18":{"type":"branch","line":131,"loc":{"start":{"line":131,"column":42},"end":{"line":131,"column":53}},"locations":[{"start":{"line":131,"column":42},"end":{"line":131,"column":53}}]},"19":{"type":"branch","line":140,"loc":{"start":{"line":140,"column":18},"end":{"line":142,"column":5}},"locations":[{"start":{"line":140,"column":18},"end":{"line":142,"column":5}}]}},"b":{"0":[1],"1":[7],"2":[2],"3":[1],"4":[1],"5":[1],"6":[2],"7":[1],"8":[2],"9":[1],"10":[2],"11":[1],"12":[2],"13":[2],"14":[1],"15":[2],"16":[2],"17":[1],"18":[1],"19":[2]},"fnMap":{},"f":{}}
,"/Users/mauriciovelasquezsilva/0000000/guia/fase_5_githubAction-ECR/paso2-servicio-alumnos/app-alumnos-frontent/src/components/Navbar.jsx": {"path":"/Users/mauriciovelasquezsilva/0000000/guia/fase_5_githubAction-ECR/paso2-servicio-alumnos/app-alumnos-frontent/src/components/Navbar.jsx","all":false,"statementMap":{"0":{"start":{"line":1,"column":0},"end":{"line":1,"column":39}},"1":{"start":{"line":2,"column":0},"end":{"line":2,"column":48}},"3":{"start":{"line":4,"column":0},"end":{"line":4,"column":19}},"4":{"start":{"line":5,"column":0},"end":{"line":5,"column":10}},"5":{"start":{"line":6,"column":0},"end":{"line":6,"column":65}},"6":{"start":{"line":7,"column":0},"end":{"line":7,"column":46}},"7":{"start":{"line":8,"column":0},"end":{"line":8,"column":64}},"8":{"start":{"line":9,"column":0},"end":{"line":9,"column":121}},"9":{"start":{"line":10,"column":0},"end":{"line":10,"column":51}},"10":{"start":{"line":11,"column":0},"end":{"line":11,"column":87}},"11":{"start":{"line":12,"column":0},"end":{"line":12,"column":17}},"12":{"start":{"line":13,"column":0},"end":{"line":13,"column":55}},"13":{"start":{"line":14,"column":0},"end":{"line":14,"column":17}},"14":{"start":{"line":15,"column":0},"end":{"line":15,"column":20}},"15":{"start":{"line":16,"column":0},"end":{"line":16,"column":141}},"16":{"start":{"line":17,"column":0},"end":{"line":17,"column":13}},"18":{"start":{"line":19,"column":0},"end":{"line":19,"column":19}},"19":{"start":{"line":20,"column":0},"end":{"line":20,"column":17}},"20":{"start":{"line":21,"column":0},"end":{"line":21,"column":33}},"21":{"start":{"line":22,"column":0},"end":{"line":22,"column":131}},"22":{"start":{"line":23,"column":0},"end":{"line":23,"column":13}},"24":{"start":{"line":25,"column":0},"end":{"line":25,"column":19}},"25":{"start":{"line":26,"column":0},"end":{"line":26,"column":16}},"26":{"start":{"line":27,"column":0},"end":{"line":27,"column":14}},"27":{"start":{"line":28,"column":0},"end":{"line":28,"column":12}},"28":{"start":{"line":29,"column":0},"end":{"line":29,"column":10}},"30":{"start":{"line":31,"column":0},"end":{"line":31,"column":1}},"32":{"start":{"line":33,"column":0},"end":{"line":33,"column":21}}},"s":{"0":1,"1":1,"3":2,"4":2,"5":2,"6":2,"7":2,"8":2,"9":2,"10":2,"11":2,"12":2,"13":2,"14":2,"15":2,"16":2,"18":2,"19":2,"20":2,"21":2,"22":2,"24":2,"25":2,"26":2,"27":2,"28":2,"30":2,"32":1},"branchMap":{"0":{"type":"branch","line":4,"loc":{"start":{"line":4,"column":0},"end":{"line":31,"column":1}},"locations":[{"start":{"line":4,"column":0},"end":{"line":31,"column":1}}]}},"b":{"0":[2]},"fnMap":{"0":{"name":"Navbar","decl":{"start":{"line":4,"column":0},"end":{"line":31,"column":1}},"loc":{"start":{"line":4,"column":0},"end":{"line":31,"column":1}},"line":4}},"f":{"0":2}}
,"/Users/mauriciovelasquezsilva/0000000/guia/fase_5_githubAction-ECR/paso2-servicio-alumnos/app-alumnos-frontent/src/components/Navbar.test.jsx": {"path":"/Users/mauriciovelasquezsilva/0000000/guia/fase_5_githubAction-ECR/paso2-servicio-alumnos/app-alumnos-frontent/src/components/Navbar.test.jsx","all":false,"statementMap":{"0":{"start":{"line":1,"column":0},"end":{"line":1,"column":55}},"1":{"start":{"line":2,"column":0},"end":{"line":2,"column":47}},"2":{"start":{"line":3,"column":0},"end":{"line":3,"column":45}},"3":{"start":{"line":4,"column":0},"end":{"line":4,"column":29}},"5":{"start":{"line":6,"column":0},"end":{"line":6,"column":26}},"6":{"start":{"line":7,"column":0},"end":{"line":7,"column":69}},"7":{"start":{"line":8,"column":0},"end":{"line":8,"column":11}},"8":{"start":{"line":9,"column":0},"end":{"line":9,"column":20}},"9":{"start":{"line":10,"column":0},"end":{"line":10,"column":18}},"10":{"start":{"line":11,"column":0},"end":{"line":11,"column":21}},"11":{"start":{"line":12,"column":0},"end":{"line":12,"column":5}},"13":{"start":{"line":14,"column":0},"end":{"line":14,"column":70}},"14":{"start":{"line":15,"column":0},"end":{"line":15,"column":59}},"15":{"start":{"line":16,"column":0},"end":{"line":16,"column":66}},"16":{"start":{"line":17,"column":0},"end":{"line":17,"column":4}},"17":{"start":{"line":18,"column":0},"end":{"line":18,"column":2}}},"s":{"0":1,"1":1,"2":1,"3":1,"5":1,"6":1,"7":1,"8":1,"9":1,"10":1,"11":1,"13":1,"14":1,"15":1,"16":1,"17":1},"branchMap":{"0":{"type":"branch","line":6,"loc":{"start":{"line":6,"column":19},"end":{"line":18,"column":2}},"locations":[{"start":{"line":6,"column":19},"end":{"line":18,"column":2}}]},"1":{"type":"branch","line":7,"loc":{"start":{"line":7,"column":62},"end":{"line":17,"column":3}},"locations":[{"start":{"line":7,"column":62},"end":{"line":17,"column":3}}]}},"b":{"0":[1],"1":[1]},"fnMap":{},"f":{}}
,"/Users/mauriciovelasquezsilva/0000000/guia/fase_5_githubAction-ECR/paso2-servicio-alumnos/app-alumnos-frontent/src/services/alumnoService.js": {"path":"/Users/mauriciovelasquezsilva/0000000/guia/fase_5_githubAction-ECR/paso2-servicio-alumnos/app-alumnos-frontent/src/services/alumnoService.js","all":false,"statementMap":{"0":{"start":{"line":1,"column":0},"end":{"line":1,"column":48}},"1":{"start":{"line":2,"column":0},"end":{"line":2,"column":0}},"2":{"start":{"line":3,"column":0},"end":{"line":3,"column":30}},"3":{"start":{"line":4,"column":0},"end":{"line":4,"column":0}},"4":{"start":{"line":5,"column":0},"end":{"line":5,"column":23}},"5":{"start":{"line":6,"column":0},"end":{"line":6,"column":23}},"6":{"start":{"line":7,"column":0},"end":{"line":7,"column":45}},"7":{"start":{"line":8,"column":0},"end":{"line":8,"column":24}},"8":{"start":{"line":9,"column":0},"end":{"line":9,"column":4}},"9":{"start":{"line":10,"column":0},"end":{"line":10,"column":0}},"10":{"start":{"line":11,"column":0},"end":{"line":11,"column":26}},"11":{"start":{"line":12,"column":0},"end":{"line":12,"column":56}},"12":{"start":{"line":13,"column":0},"end":{"line":13,"column":24}},"13":{"start":{"line":14,"column":0},"end":{"line":14,"column":4}},"14":{"start":{"line":15,"column":0},"end":{"line":15,"column":0}},"15":{"start":{"line":16,"column":0},"end":{"line":16,"column":28}},"16":{"start":{"line":17,"column":0},"end":{"line":17,"column":61}},"17":{"start":{"line":18,"column":0},"end":{"line":18,"column":24}},"18":{"start":{"line":19,"column":0},"end":{"line":19,"column":4}},"19":{"start":{"line":20,"column":0},"end":{"line":20,"column":0}},"20":{"start":{"line":21,"column":0},"end":{"line":21,"column":29}},"21":{"start":{"line":22,"column":0},"end":{"line":22,"column":54}},"22":{"start":{"line":23,"column":0},"end":{"line":23,"column":24}},"23":{"start":{"line":24,"column":0},"end":{"line":24,"column":4}},"24":{"start":{"line":25,"column":0},"end":{"line":25,"column":0}},"25":{"start":{"line":26,"column":0},"end":{"line":26,"column":33}},"26":{"start":{"line":27,"column":0},"end":{"line":27,"column":64}},"27":{"start":{"line":28,"column":0},"end":{"line":28,"column":24}},"28":{"start":{"line":29,"column":0},"end":{"line":29,"column":4}},"29":{"start":{"line":30,"column":0},"end":{"line":30,"column":0}},"30":{"start":{"line":31,"column":0},"end":{"line":31,"column":25}},"31":{"start":{"line":32,"column":0},"end":{"line":32,"column":42}},"32":{"start":{"line":33,"column":0},"end":{"line":33,"column":4}},"33":{"start":{"line":34,"column":0},"end":{"line":34,"column":1}},"34":{"start":{"line":35,"column":0},"end":{"line":35,"column":0}},"35":{"start":{"line":36,"column":0},"end":{"line":36,"column":28}}},"s":{"0":1,"1":1,"2":1,"3":1,"4":1,"5":1,"6":1,"7":1,"8":1,"9":1,"10":1,"11":1,"12":1,"13":1,"14":1,"15":1,"16":1,"17":1,"18":1,"19":1,"20":1,"21":1,"22":1,"23":1,"24":1,"25":1,"26":1,"27":1,"28":1,"29":1,"30":1,"31":1,"32":1,"33":1,"34":1,"35":1},"branchMap":{"0":{"type":"branch","line":6,"loc":{"start":{"line":6,"column":10},"end":{"line":9,"column":3}},"locations":[{"start":{"line":6,"column":10},"end":{"line":9,"column":3}}]},"1":{"type":"branch","line":11,"loc":{"start":{"line":11,"column":11},"end":{"line":14,"column":3}},"locations":[{"start":{"line":11,"column":11},"end":{"line":14,"column":3}}]},"2":{"type":"branch","line":16,"loc":{"start":{"line":16,"column":12},"end":{"line":19,"column":3}},"locations":[{"start":{"line":16,"column":12},"end":{"line":19,"column":3}}]},"3":{"type":"branch","line":21,"loc":{"start":{"line":21,"column":10},"end":{"line":24,"column":3}},"locations":[{"start":{"line":21,"column":10},"end":{"line":24,"column":3}}]},"4":{"type":"branch","line":26,"loc":{"start":{"line":26,"column":10},"end":{"line":29,"column":3}},"locations":[{"start":{"line":26,"column":10},"end":{"line":29,"column":3}}]},"5":{"type":"branch","line":31,"loc":{"start":{"line":31,"column":10},"end":{"line":33,"column":3}},"locations":[{"start":{"line":31,"column":10},"end":{"line":33,"column":3}}]}},"b":{"0":[1],"1":[1],"2":[1],"3":[1],"4":[1],"5":[1]},"fnMap":{"0":{"name":"getAll","decl":{"start":{"line":6,"column":10},"end":{"line":9,"column":3}},"loc":{"start":{"line":6,"column":10},"end":{"line":9,"column":3}},"line":6},"1":{"name":"getById","decl":{"start":{"line":11,"column":11},"end":{"line":14,"column":3}},"loc":{"start":{"line":11,"column":11},"end":{"line":14,"column":3}},"line":11},"2":{"name":"getByRut","decl":{"start":{"line":16,"column":12},"end":{"line":19,"column":3}},"loc":{"start":{"line":16,"column":12},"end":{"line":19,"column":3}},"line":16},"3":{"name":"create","decl":{"start":{"line":21,"column":10},"end":{"line":24,"column":3}},"loc":{"start":{"line":21,"column":10},"end":{"line":24,"column":3}},"line":21},"4":{"name":"update","decl":{"start":{"line":26,"column":10},"end":{"line":29,"column":3}},"loc":{"start":{"line":26,"column":10},"end":{"line":29,"column":3}},"line":26},"5":{"name":"delete","decl":{"start":{"line":31,"column":10},"end":{"line":33,"column":3}},"loc":{"start":{"line":31,"column":10},"end":{"line":33,"column":3}},"line":31}},"f":{"0":1,"1":1,"2":1,"3":1,"4":1,"5":1}}
,"/Users/mauriciovelasquezsilva/0000000/guia/fase_5_githubAction-ECR/paso2-servicio-alumnos/app-alumnos-frontent/src/services/alumnoService.test.js": {"path":"/Users/mauriciovelasquezsilva/0000000/guia/fase_5_githubAction-ECR/paso2-servicio-alumnos/app-alumnos-frontent/src/services/alumnoService.test.js","all":false,"statementMap":{"0":{"start":{"line":1,"column":0},"end":{"line":1,"column":61}},"6":{"start":{"line":7,"column":0},"end":{"line":7,"column":33}},"7":{"start":{"line":8,"column":0},"end":{"line":8,"column":20}},"8":{"start":{"line":9,"column":0},"end":{"line":9,"column":22}},"9":{"start":{"line":10,"column":0},"end":{"line":10,"column":4}},"11":{"start":{"line":12,"column":0},"end":{"line":12,"column":62}},"12":{"start":{"line":13,"column":0},"end":{"line":13,"column":48}},"13":{"start":{"line":14,"column":0},"end":{"line":14,"column":55}},"15":{"start":{"line":16,"column":0},"end":{"line":16,"column":47}},"17":{"start":{"line":18,"column":0},"end":{"line":18,"column":58}},"18":{"start":{"line":19,"column":0},"end":{"line":19,"column":36}},"19":{"start":{"line":20,"column":0},"end":{"line":20,"column":4}},"21":{"start":{"line":22,"column":0},"end":{"line":22,"column":64}},"22":{"start":{"line":23,"column":0},"end":{"line":23,"column":46}},"23":{"start":{"line":24,"column":0},"end":{"line":24,"column":55}},"25":{"start":{"line":26,"column":0},"end":{"line":26,"column":49}},"27":{"start":{"line":28,"column":0},"end":{"line":28,"column":60}},"28":{"start":{"line":29,"column":0},"end":{"line":29,"column":36}},"29":{"start":{"line":30,"column":0},"end":{"line":30,"column":4}},"31":{"start":{"line":32,"column":0},"end":{"line":32,"column":65}},"32":{"start":{"line":33,"column":0},"end":{"line":33,"column":65}},"33":{"start":{"line":34,"column":0},"end":{"line":34,"column":55}},"35":{"start":{"line":36,"column":0},"end":{"line":36,"column":61}},"37":{"start":{"line":38,"column":0},"end":{"line":38,"column":73}},"38":{"start":{"line":39,"column":0},"end":{"line":39,"column":36}},"39":{"start":{"line":40,"column":0},"end":{"line":40,"column":4}},"41":{"start":{"line":42,"column":0},"end":{"line":42,"column":76}},"42":{"start":{"line":43,"column":0},"end":{"line":43,"column":80}},"43":{"start":{"line":44,"column":0},"end":{"line":44,"column":50}},"44":{"start":{"line":45,"column":0},"end":{"line":45,"column":60}},"46":{"start":{"line":47,"column":0},"end":{"line":47,"column":58}},"48":{"start":{"line":49,"column":0},"end":{"line":49,"column":72}},"49":{"start":{"line":50,"column":0},"end":{"line":50,"column":40}},"50":{"start":{"line":51,"column":0},"end":{"line":51,"column":4}},"52":{"start":{"line":53,"column":0},"end":{"line":53,"column":79}},"53":{"start":{"line":54,"column":0},"end":{"line":54,"column":92}},"54":{"start":{"line":55,"column":0},"end":{"line":55,"column":55}},"55":{"start":{"line":56,"column":0},"end":{"line":56,"column":59}},"57":{"start":{"line":58,"column":0},"end":{"line":58,"column":66}},"59":{"start":{"line":60,"column":0},"end":{"line":60,"column":78}},"60":{"start":{"line":61,"column":0},"end":{"line":61,"column":40}},"61":{"start":{"line":62,"column":0},"end":{"line":62,"column":4}},"63":{"start":{"line":64,"column":0},"end":{"line":64,"column":50}},"64":{"start":{"line":65,"column":0},"end":{"line":65,"column":42}},"66":{"start":{"line":67,"column":0},"end":{"line":67,"column":33}},"68":{"start":{"line":69,"column":0},"end":{"line":69,"column":63}},"69":{"start":{"line":70,"column":0},"end":{"line":70,"column":4}},"70":{"start":{"line":71,"column":0},"end":{"line":71,"column":2}}},"s":{"0":1,"6":1,"7":1,"8":6,"9":1,"11":1,"12":1,"13":1,"15":1,"17":1,"18":1,"19":1,"21":1,"22":1,"23":1,"25":1,"27":1,"28":1,"29":1,"31":1,"32":1,"33":1,"35":1,"37":1,"38":1,"39":1,"41":1,"42":1,"43":1,"44":1,"46":1,"48":1,"49":1,"50":1,"52":1,"53":1,"54":1,"55":1,"57":1,"59":1,"60":1,"61":1,"63":1,"64":1,"66":1,"68":1,"69":1,"70":1},"branchMap":{"0":{"type":"branch","line":7,"loc":{"start":{"line":7,"column":26},"end":{"line":71,"column":2}},"locations":[{"start":{"line":7,"column":26},"end":{"line":71,"column":2}}]},"1":{"type":"branch","line":8,"loc":{"start":{"line":8,"column":13},"end":{"line":10,"column":3}},"locations":[{"start":{"line":8,"column":13},"end":{"line":10,"column":3}}]},"2":{"type":"branch","line":12,"loc":{"start":{"line":12,"column":49},"end":{"line":20,"column":3}},"locations":[{"start":{"line":12,"column":49},"end":{"line":20,"column":3}}]},"3":{"type":"branch","line":22,"loc":{"start":{"line":22,"column":51},"end":{"line":30,"column":3}},"locations":[{"start":{"line":22,"column":51},"end":{"line":30,"column":3}}]},"4":{"type":"branch","line":32,"loc":{"start":{"line":32,"column":52},"end":{"line":40,"column":3}},"locations":[{"start":{"line":32,"column":52},"end":{"line":40,"column":3}}]},"5":{"type":"branch","line":42,"loc":{"start":{"line":42,"column":63},"end":{"line":51,"column":3}},"locations":[{"start":{"line":42,"column":63},"end":{"line":51,"column":3}}]},"6":{"type":"branch","line":53,"loc":{"start":{"line":53,"column":66},"end":{"line":62,"column":3}},"locations":[{"start":{"line":53,"column":66},"end":{"line":62,"column":3}}]},"7":{"type":"branch","line":64,"loc":{"start":{"line":64,"column":37},"end":{"line":70,"column":3}},"locations":[{"start":{"line":64,"column":37},"end":{"line":70,"column":3}}]}},"b":{"0":[1],"1":[6],"2":[1],"3":[1],"4":[1],"5":[1],"6":[1],"7":[1]},"fnMap":{},"f":{}}
}
