{"/Users/mauriciovelasquezsilva/0000000/guia/fase_5_githubAction-ECR/paso2-servicio-alumnos/web-alumnos/src/App.jsx": {"path":"/Users/mauriciovelasquezsilva/0000000/guia/fase_5_githubAction-ECR/paso2-servicio-alumnos/web-alumnos/src/App.jsx","statementMap":{"0":{"start":{"line":8,"column":2},"end":{"line":21,"column":null}}},"fnMap":{"0":{"name":"App","decl":{"start":{"line":7,"column":9},"end":{"line":7,"column":15}},"loc":{"start":{"line":7,"column":15},"end":{"line":23,"column":null}},"line":7}},"branchMap":{},"s":{"0":1},"f":{"0":1},"b":{},"meta":{"lastBranch":0,"lastFunction":1,"lastStatement":1,"seen":{"f:7:9:7:15":0,"s:8:2:21:Infinity":0}}}
,"/Users/mauriciovelasquezsilva/0000000/guia/fase_5_githubAction-ECR/paso2-servicio-alumnos/web-alumnos/src/components/AlumnoDetail.jsx": {"path":"/Users/mauriciovelasquezsilva/0000000/guia/fase_5_githubAction-ECR/paso2-servicio-alumnos/web-alumnos/src/components/AlumnoDetail.jsx","statementMap":{"0":{"start":{"line":7,"column":8},"end":{"line":7,"column":null}},"1":{"start":{"line":8,"column":10},"end":{"line":8,"column":null}},"2":{"start":{"line":10,"column":17},"end":{"line":10,"column":null}},"3":{"start":{"line":11,"column":18},"end":{"line":11,"column":null}},"4":{"start":{"line":12,"column":16},"end":{"line":12,"column":null}},"5":{"start":{"line":14,"column":2},"end":{"line":16,"column":null}},"6":{"start":{"line":15,"column":4},"end":{"line":15,"column":null}},"7":{"start":{"line":18,"column":22},"end":{"line":29,"column":null}},"8":{"start":{"line":19,"column":4},"end":{"line":28,"column":null}},"9":{"start":{"line":20,"column":19},"end":{"line":20,"column":null}},"10":{"start":{"line":21,"column":6},"end":{"line":21,"column":null}},"11":{"start":{"line":22,"column":6},"end":{"line":22,"column":null}},"12":{"start":{"line":24,"column":6},"end":{"line":24,"column":null}},"13":{"start":{"line":25,"column":6},"end":{"line":25,"column":null}},"14":{"start":{"line":27,"column":6},"end":{"line":27,"column":null}},"15":{"start":{"line":31,"column":23},"end":{"line":41,"column":null}},"16":{"start":{"line":32,"column":4},"end":{"line":40,"column":null}},"17":{"start":{"line":33,"column":6},"end":{"line":39,"column":null}},"18":{"start":{"line":34,"column":8},"end":{"line":34,"column":null}},"19":{"start":{"line":35,"column":8},"end":{"line":35,"column":null}},"20":{"start":{"line":37,"column":8},"end":{"line":37,"column":null}},"21":{"start":{"line":38,"column":8},"end":{"line":38,"column":null}},"22":{"start":{"line":43,"column":2},"end":{"line":49,"column":null}},"23":{"start":{"line":44,"column":4},"end":{"line":47,"column":null}},"24":{"start":{"line":51,"column":2},"end":{"line":65,"column":null}},"25":{"start":{"line":52,"column":4},"end":{"line":63,"column":null}},"26":{"start":{"line":58,"column":25},"end":{"line":58,"column":null}},"27":{"start":{"line":67,"column":2},"end":{"line":80,"column":null}},"28":{"start":{"line":68,"column":4},"end":{"line":78,"column":null}},"29":{"start":{"line":73,"column":25},"end":{"line":73,"column":null}},"30":{"start":{"line":82,"column":2},"end":{"line":151,"column":null}},"31":{"start":{"line":85,"column":23},"end":{"line":85,"column":null}},"32":{"start":{"line":134,"column":31},"end":{"line":134,"column":null}},"33":{"start":{"line":141,"column":31},"end":{"line":141,"column":null}}},"fnMap":{"0":{"name":"AlumnoDetail","decl":{"start":{"line":6,"column":9},"end":{"line":6,"column":24}},"loc":{"start":{"line":6,"column":24},"end":{"line":153,"column":null}},"line":6},"1":{"name":"(anonymous_1)","decl":{"start":{"line":14,"column":2},"end":{"line":14,"column":18}},"loc":{"start":{"line":14,"column":18},"end":{"line":16,"column":5}},"line":14},"2":{"name":"(anonymous_2)","decl":{"start":{"line":18,"column":22},"end":{"line":18,"column":34}},"loc":{"start":{"line":18,"column":34},"end":{"line":29,"column":null}},"line":18},"3":{"name":"(anonymous_3)","decl":{"start":{"line":31,"column":23},"end":{"line":31,"column":35}},"loc":{"start":{"line":31,"column":35},"end":{"line":41,"column":null}},"line":31},"4":{"name":"(anonymous_4)","decl":{"start":{"line":58,"column":10},"end":{"line":58,"column":25}},"loc":{"start":{"line":58,"column":25},"end":{"line":58,"column":null}},"line":58},"5":{"name":"(anonymous_5)","decl":{"start":{"line":73,"column":10},"end":{"line":73,"column":25}},"loc":{"start":{"line":73,"column":25},"end":{"line":73,"column":null}},"line":73},"6":{"name":"(anonymous_6)","decl":{"start":{"line":85,"column":8},"end":{"line":85,"column":23}},"loc":{"start":{"line":85,"column":23},"end":{"line":85,"column":null}},"line":85},"7":{"name":"(anonymous_7)","decl":{"start":{"line":134,"column":16},"end":{"line":134,"column":31}},"loc":{"start":{"line":134,"column":31},"end":{"line":134,"column":null}},"line":134},"8":{"name":"(anonymous_8)","decl":{"start":{"line":141,"column":16},"end":{"line":141,"column":31}},"loc":{"start":{"line":141,"column":31},"end":{"line":141,"column":null}},"line":141}},"branchMap":{"0":{"loc":{"start":{"line":32,"column":4},"end":{"line":40,"column":null}},"type":"if","locations":[{"start":{"line":32,"column":4},"end":{"line":40,"column":null}},{"start":{},"end":{}}],"line":32},"1":{"loc":{"start":{"line":43,"column":2},"end":{"line":49,"column":null}},"type":"if","locations":[{"start":{"line":43,"column":2},"end":{"line":49,"column":null}},{"start":{},"end":{}}],"line":43},"2":{"loc":{"start":{"line":51,"column":2},"end":{"line":65,"column":null}},"type":"if","locations":[{"start":{"line":51,"column":2},"end":{"line":65,"column":null}},{"start":{},"end":{}}],"line":51},"3":{"loc":{"start":{"line":67,"column":2},"end":{"line":80,"column":null}},"type":"if","locations":[{"start":{"line":67,"column":2},"end":{"line":80,"column":null}},{"start":{},"end":{}}],"line":67}},"s":{"0":18,"1":18,"2":18,"3":18,"4":18,"5":18,"6":9,"7":18,"8":9,"9":9,"10":7,"11":7,"12":1,"13":1,"14":8,"15":18,"16":3,"17":2,"18":2,"19":1,"20":1,"21":1,"22":18,"23":9,"24":9,"25":2,"26":1,"27":7,"28":1,"29":1,"30":6,"31":1,"32":3,"33":1},"f":{"0":18,"1":9,"2":9,"3":3,"4":1,"5":1,"6":1,"7":3,"8":1},"b":{"0":[2,1],"1":[9,9],"2":[2,7],"3":[1,6]},"meta":{"lastBranch":4,"lastFunction":9,"lastStatement":34,"seen":{"f:6:9:6:24":0,"s:7:8:7:Infinity":0,"s:8:10:8:Infinity":1,"s:10:17:10:Infinity":2,"s:11:18:11:Infinity":3,"s:12:16:12:Infinity":4,"s:14:2:16:Infinity":5,"f:14:2:14:18":1,"s:15:4:15:Infinity":6,"s:18:22:29:Infinity":7,"f:18:22:18:34":2,"s:19:4:28:Infinity":8,"s:20:19:20:Infinity":9,"s:21:6:21:Infinity":10,"s:22:6:22:Infinity":11,"s:24:6:24:Infinity":12,"s:25:6:25:Infinity":13,"s:27:6:27:Infinity":14,"s:31:23:41:Infinity":15,"f:31:23:31:35":3,"b:32:4:40:Infinity:undefined:undefined:undefined:undefined":0,"s:32:4:40:Infinity":16,"s:33:6:39:Infinity":17,"s:34:8:34:Infinity":18,"s:35:8:35:Infinity":19,"s:37:8:37:Infinity":20,"s:38:8:38:Infinity":21,"b:43:2:49:Infinity:undefined:undefined:undefined:undefined":1,"s:43:2:49:Infinity":22,"s:44:4:47:Infinity":23,"b:51:2:65:Infinity:undefined:undefined:undefined:undefined":2,"s:51:2:65:Infinity":24,"s:52:4:63:Infinity":25,"f:58:10:58:25":4,"s:58:25:58:Infinity":26,"b:67:2:80:Infinity:undefined:undefined:undefined:undefined":3,"s:67:2:80:Infinity":27,"s:68:4:78:Infinity":28,"f:73:10:73:25":5,"s:73:25:73:Infinity":29,"s:82:2:151:Infinity":30,"f:85:8:85:23":6,"s:85:23:85:Infinity":31,"f:134:16:134:31":7,"s:134:31:134:Infinity":32,"f:141:16:141:31":8,"s:141:31:141:Infinity":33}}}
,"/Users/mauriciovelasquezsilva/0000000/guia/fase_5_githubAction-ECR/paso2-servicio-alumnos/web-alumnos/src/components/AlumnoForm.jsx": {"path":"/Users/mauriciovelasquezsilva/0000000/guia/fase_5_githubAction-ECR/paso2-servicio-alumnos/web-alumnos/src/components/AlumnoForm.jsx","statementMap":{"0":{"start":{"line":6,"column":8},"end":{"line":6,"column":null}},"1":{"start":{"line":7,"column":10},"end":{"line":7,"column":null}},"2":{"start":{"line":9,"column":19},"end":{"line":13,"column":null}},"3":{"start":{"line":14,"column":17},"end":{"line":14,"column":null}},"4":{"start":{"line":15,"column":18},"end":{"line":15,"column":null}},"5":{"start":{"line":16,"column":21},"end":{"line":16,"column":null}},"6":{"start":{"line":18,"column":2},"end":{"line":22,"column":null}},"7":{"start":{"line":19,"column":4},"end":{"line":21,"column":null}},"8":{"start":{"line":20,"column":6},"end":{"line":20,"column":null}},"9":{"start":{"line":24,"column":22},"end":{"line":35,"column":null}},"10":{"start":{"line":25,"column":4},"end":{"line":34,"column":null}},"11":{"start":{"line":26,"column":21},"end":{"line":26,"column":null}},"12":{"start":{"line":27,"column":6},"end":{"line":31,"column":null}},"13":{"start":{"line":33,"column":6},"end":{"line":33,"column":null}},"14":{"start":{"line":37,"column":8},"end":{"line":49,"column":null}},"15":{"start":{"line":38,"column":22},"end":{"line":38,"column":null}},"16":{"start":{"line":39,"column":4},"end":{"line":41,"column":null}},"17":{"start":{"line":40,"column":6},"end":{"line":40,"column":null}},"18":{"start":{"line":42,"column":4},"end":{"line":44,"column":null}},"19":{"start":{"line":43,"column":6},"end":{"line":43,"column":null}},"20":{"start":{"line":45,"column":4},"end":{"line":47,"column":null}},"21":{"start":{"line":46,"column":6},"end":{"line":46,"column":null}},"22":{"start":{"line":48,"column":4},"end":{"line":48,"column":null}},"23":{"start":{"line":51,"column":8},"end":{"line":57,"column":null}},"24":{"start":{"line":52,"column":28},"end":{"line":52,"column":null}},"25":{"start":{"line":53,"column":4},"end":{"line":53,"column":null}},"26":{"start":{"line":53,"column":27},"end":{"line":53,"column":54}},"27":{"start":{"line":54,"column":4},"end":{"line":56,"column":null}},"28":{"start":{"line":55,"column":6},"end":{"line":55,"column":null}},"29":{"start":{"line":55,"column":27},"end":{"line":55,"column":51}},"30":{"start":{"line":59,"column":23},"end":{"line":81,"column":null}},"31":{"start":{"line":60,"column":4},"end":{"line":60,"column":null}},"32":{"start":{"line":61,"column":29},"end":{"line":61,"column":null}},"33":{"start":{"line":62,"column":4},"end":{"line":65,"column":null}},"34":{"start":{"line":63,"column":6},"end":{"line":63,"column":null}},"35":{"start":{"line":64,"column":6},"end":{"line":64,"column":null}},"36":{"start":{"line":67,"column":4},"end":{"line":67,"column":null}},"37":{"start":{"line":68,"column":4},"end":{"line":80,"column":null}},"38":{"start":{"line":69,"column":6},"end":{"line":73,"column":null}},"39":{"start":{"line":70,"column":8},"end":{"line":70,"column":null}},"40":{"start":{"line":72,"column":8},"end":{"line":72,"column":null}},"41":{"start":{"line":74,"column":6},"end":{"line":74,"column":null}},"42":{"start":{"line":76,"column":6},"end":{"line":76,"column":null}},"43":{"start":{"line":77,"column":6},"end":{"line":77,"column":null}},"44":{"start":{"line":79,"column":6},"end":{"line":79,"column":null}},"45":{"start":{"line":83,"column":2},"end":{"line":171,"column":null}},"46":{"start":{"line":149,"column":29},"end":{"line":149,"column":null}}},"fnMap":{"0":{"name":"AlumnoForm","decl":{"start":{"line":5,"column":9},"end":{"line":5,"column":22}},"loc":{"start":{"line":5,"column":22},"end":{"line":173,"column":null}},"line":5},"1":{"name":"(anonymous_1)","decl":{"start":{"line":18,"column":2},"end":{"line":18,"column":18}},"loc":{"start":{"line":18,"column":18},"end":{"line":22,"column":5}},"line":18},"2":{"name":"(anonymous_2)","decl":{"start":{"line":24,"column":22},"end":{"line":24,"column":34}},"loc":{"start":{"line":24,"column":34},"end":{"line":35,"column":null}},"line":24},"3":{"name":"(anonymous_3)","decl":{"start":{"line":37,"column":8},"end":{"line":37,"column":25}},"loc":{"start":{"line":37,"column":25},"end":{"line":49,"column":null}},"line":37},"4":{"name":"(anonymous_4)","decl":{"start":{"line":51,"column":8},"end":{"line":51,"column":24}},"loc":{"start":{"line":51,"column":30},"end":{"line":57,"column":null}},"line":51},"5":{"name":"(anonymous_5)","decl":{"start":{"line":53,"column":4},"end":{"line":53,"column":17}},"loc":{"start":{"line":53,"column":27},"end":{"line":53,"column":54}},"line":53},"6":{"name":"(anonymous_6)","decl":{"start":{"line":55,"column":6},"end":{"line":55,"column":17}},"loc":{"start":{"line":55,"column":27},"end":{"line":55,"column":51}},"line":55},"7":{"name":"(anonymous_7)","decl":{"start":{"line":59,"column":23},"end":{"line":59,"column":30}},"loc":{"start":{"line":59,"column":36},"end":{"line":81,"column":null}},"line":59},"8":{"name":"(anonymous_8)","decl":{"start":{"line":149,"column":14},"end":{"line":149,"column":29}},"loc":{"start":{"line":149,"column":29},"end":{"line":149,"column":null}},"line":149}},"branchMap":{"0":{"loc":{"start":{"line":19,"column":4},"end":{"line":21,"column":null}},"type":"if","locations":[{"start":{"line":19,"column":4},"end":{"line":21,"column":null}},{"start":{},"end":{}}],"line":19},"1":{"loc":{"start":{"line":28,"column":13},"end":{"line":28,"column":null}},"type":"binary-expr","locations":[{"start":{"line":28,"column":13},"end":{"line":28,"column":27}},{"start":{"line":28,"column":27},"end":{"line":28,"column":null}}],"line":28},"2":{"loc":{"start":{"line":29,"column":16},"end":{"line":29,"column":null}},"type":"binary-expr","locations":[{"start":{"line":29,"column":16},"end":{"line":29,"column":33}},{"start":{"line":29,"column":33},"end":{"line":29,"column":null}}],"line":29},"3":{"loc":{"start":{"line":30,"column":18},"end":{"line":30,"column":null}},"type":"binary-expr","locations":[{"start":{"line":30,"column":18},"end":{"line":30,"column":37}},{"start":{"line":30,"column":37},"end":{"line":30,"column":null}}],"line":30},"4":{"loc":{"start":{"line":39,"column":4},"end":{"line":41,"column":null}},"type":"if","locations":[{"start":{"line":39,"column":4},"end":{"line":41,"column":null}},{"start":{},"end":{}}],"line":39},"5":{"loc":{"start":{"line":42,"column":4},"end":{"line":44,"column":null}},"type":"if","locations":[{"start":{"line":42,"column":4},"end":{"line":44,"column":null}},{"start":{},"end":{}}],"line":42},"6":{"loc":{"start":{"line":45,"column":4},"end":{"line":47,"column":null}},"type":"if","locations":[{"start":{"line":45,"column":4},"end":{"line":47,"column":null}},{"start":{},"end":{}}],"line":45},"7":{"loc":{"start":{"line":54,"column":4},"end":{"line":56,"column":null}},"type":"if","locations":[{"start":{"line":54,"column":4},"end":{"line":56,"column":null}},{"start":{},"end":{}}],"line":54},"8":{"loc":{"start":{"line":62,"column":4},"end":{"line":65,"column":null}},"type":"if","locations":[{"start":{"line":62,"column":4},"end":{"line":65,"column":null}},{"start":{},"end":{}}],"line":62},"9":{"loc":{"start":{"line":69,"column":6},"end":{"line":73,"column":null}},"type":"if","locations":[{"start":{"line":69,"column":6},"end":{"line":73,"column":null}},{"start":{"line":71,"column":13},"end":{"line":73,"column":null}}],"line":69},"10":{"loc":{"start":{"line":87,"column":11},"end":{"line":87,"column":null}},"type":"cond-expr","locations":[{"start":{"line":87,"column":16},"end":{"line":87,"column":34}},{"start":{"line":87,"column":34},"end":{"line":87,"column":null}}],"line":87},"11":{"loc":{"start":{"line":90,"column":11},"end":{"line":90,"column":null}},"type":"cond-expr","locations":[{"start":{"line":90,"column":16},"end":{"line":90,"column":50}},{"start":{"line":90,"column":50},"end":{"line":90,"column":null}}],"line":90},"12":{"loc":{"start":{"line":107,"column":54},"end":{"line":107,"column":104}},"type":"cond-expr","locations":[{"start":{"line":107,"column":67},"end":{"line":107,"column":86}},{"start":{"line":107,"column":86},"end":{"line":107,"column":104}}],"line":107},"13":{"loc":{"start":{"line":110,"column":15},"end":{"line":110,"column":null}},"type":"binary-expr","locations":[{"start":{"line":110,"column":15},"end":{"line":110,"column":29}},{"start":{"line":110,"column":29},"end":{"line":110,"column":null}}],"line":110},"14":{"loc":{"start":{"line":123,"column":54},"end":{"line":123,"column":107}},"type":"cond-expr","locations":[{"start":{"line":123,"column":70},"end":{"line":123,"column":89}},{"start":{"line":123,"column":89},"end":{"line":123,"column":107}}],"line":123},"15":{"loc":{"start":{"line":126,"column":15},"end":{"line":126,"column":null}},"type":"binary-expr","locations":[{"start":{"line":126,"column":15},"end":{"line":126,"column":32}},{"start":{"line":126,"column":32},"end":{"line":126,"column":null}}],"line":126},"16":{"loc":{"start":{"line":139,"column":54},"end":{"line":139,"column":109}},"type":"cond-expr","locations":[{"start":{"line":139,"column":72},"end":{"line":139,"column":91}},{"start":{"line":139,"column":91},"end":{"line":139,"column":109}}],"line":139},"17":{"loc":{"start":{"line":142,"column":15},"end":{"line":142,"column":null}},"type":"binary-expr","locations":[{"start":{"line":142,"column":15},"end":{"line":142,"column":34}},{"start":{"line":142,"column":34},"end":{"line":142,"column":null}}],"line":142},"18":{"loc":{"start":{"line":159,"column":15},"end":{"line":165,"column":null}},"type":"cond-expr","locations":[{"start":{"line":160,"column":16},"end":{"line":165,"column":17}},{"start":{"line":165,"column":16},"end":{"line":165,"column":null}}],"line":159},"19":{"loc":{"start":{"line":165,"column":23},"end":{"line":165,"column":71}},"type":"cond-expr","locations":[{"start":{"line":165,"column":28},"end":{"line":165,"column":50}},{"start":{"line":165,"column":50},"end":{"line":165,"column":71}}],"line":165}},"s":{"0":29,"1":29,"2":29,"3":29,"4":29,"5":29,"6":29,"7":10,"8":4,"9":29,"10":4,"11":4,"12":3,"13":1,"14":29,"15":5,"16":5,"17":2,"18":5,"19":2,"20":5,"21":2,"22":5,"23":29,"24":8,"25":8,"26":8,"27":8,"28":1,"29":1,"30":29,"31":5,"32":5,"33":5,"34":2,"35":2,"36":3,"37":3,"38":3,"39":1,"40":2,"41":2,"42":1,"43":1,"44":3,"45":29,"46":1},"f":{"0":29,"1":10,"2":4,"3":5,"4":8,"5":8,"6":1,"7":5,"8":1},"b":{"0":[4,6],"1":[3,1],"2":[4,1],"3":[4,1],"4":[2,3],"5":[2,3],"6":[2,3],"7":[1,7],"8":[2,3],"9":[1,2],"10":[10,19],"11":[10,19],"12":[2,27],"13":[29,2],"14":[3,26],"15":[29,3],"16":[3,26],"17":[29,3],"18":[3,26],"19":[9,17]},"meta":{"lastBranch":20,"lastFunction":9,"lastStatement":47,"seen":{"f:5:9:5:22":0,"s:6:8:6:Infinity":0,"s:7:10:7:Infinity":1,"s:9:19:13:Infinity":2,"s:14:17:14:Infinity":3,"s:15:18:15:Infinity":4,"s:16:21:16:Infinity":5,"s:18:2:22:Infinity":6,"f:18:2:18:18":1,"b:19:4:21:Infinity:undefined:undefined:undefined:undefined":0,"s:19:4:21:Infinity":7,"s:20:6:20:Infinity":8,"s:24:22:35:Infinity":9,"f:24:22:24:34":2,"s:25:4:34:Infinity":10,"s:26:21:26:Infinity":11,"s:27:6:31:Infinity":12,"b:28:13:28:27:28:27:28:Infinity":1,"b:29:16:29:33:29:33:29:Infinity":2,"b:30:18:30:37:30:37:30:Infinity":3,"s:33:6:33:Infinity":13,"s:37:8:49:Infinity":14,"f:37:8:37:25":3,"s:38:22:38:Infinity":15,"b:39:4:41:Infinity:undefined:undefined:undefined:undefined":4,"s:39:4:41:Infinity":16,"s:40:6:40:Infinity":17,"b:42:4:44:Infinity:undefined:undefined:undefined:undefined":5,"s:42:4:44:Infinity":18,"s:43:6:43:Infinity":19,"b:45:4:47:Infinity:undefined:undefined:undefined:undefined":6,"s:45:4:47:Infinity":20,"s:46:6:46:Infinity":21,"s:48:4:48:Infinity":22,"s:51:8:57:Infinity":23,"f:51:8:51:24":4,"s:52:28:52:Infinity":24,"s:53:4:53:Infinity":25,"f:53:4:53:17":5,"s:53:27:53:54":26,"b:54:4:56:Infinity:undefined:undefined:undefined:undefined":7,"s:54:4:56:Infinity":27,"s:55:6:55:Infinity":28,"f:55:6:55:17":6,"s:55:27:55:51":29,"s:59:23:81:Infinity":30,"f:59:23:59:30":7,"s:60:4:60:Infinity":31,"s:61:29:61:Infinity":32,"b:62:4:65:Infinity:undefined:undefined:undefined:undefined":8,"s:62:4:65:Infinity":33,"s:63:6:63:Infinity":34,"s:64:6:64:Infinity":35,"s:67:4:67:Infinity":36,"s:68:4:80:Infinity":37,"b:69:6:73:Infinity:71:13:73:Infinity":9,"s:69:6:73:Infinity":38,"s:70:8:70:Infinity":39,"s:72:8:72:Infinity":40,"s:74:6:74:Infinity":41,"s:76:6:76:Infinity":42,"s:77:6:77:Infinity":43,"s:79:6:79:Infinity":44,"s:83:2:171:Infinity":45,"b:87:16:87:34:87:34:87:Infinity":10,"b:90:16:90:50:90:50:90:Infinity":11,"b:107:67:107:86:107:86:107:104":12,"b:110:15:110:29:110:29:110:Infinity":13,"b:123:70:123:89:123:89:123:107":14,"b:126:15:126:32:126:32:126:Infinity":15,"b:139:72:139:91:139:91:139:109":16,"b:142:15:142:34:142:34:142:Infinity":17,"f:149:14:149:29":8,"s:149:29:149:Infinity":46,"b:160:16:165:17:165:16:165:Infinity":18,"b:165:28:165:50:165:50:165:71":19}}}
,"/Users/mauriciovelasquezsilva/0000000/guia/fase_5_githubAction-ECR/paso2-servicio-alumnos/web-alumnos/src/components/AlumnoList.jsx": {"path":"/Users/mauriciovelasquezsilva/0000000/guia/fase_5_githubAction-ECR/paso2-servicio-alumnos/web-alumnos/src/components/AlumnoList.jsx","statementMap":{"0":{"start":{"line":7,"column":18},"end":{"line":7,"column":null}},"1":{"start":{"line":8,"column":18},"end":{"line":8,"column":null}},"2":{"start":{"line":9,"column":21},"end":{"line":9,"column":null}},"3":{"start":{"line":10,"column":16},"end":{"line":10,"column":null}},"4":{"start":{"line":12,"column":2},"end":{"line":14,"column":null}},"5":{"start":{"line":13,"column":4},"end":{"line":13,"column":null}},"6":{"start":{"line":16,"column":23},"end":{"line":27,"column":null}},"7":{"start":{"line":17,"column":4},"end":{"line":26,"column":null}},"8":{"start":{"line":18,"column":19},"end":{"line":18,"column":null}},"9":{"start":{"line":19,"column":6},"end":{"line":19,"column":null}},"10":{"start":{"line":20,"column":6},"end":{"line":20,"column":null}},"11":{"start":{"line":22,"column":6},"end":{"line":22,"column":null}},"12":{"start":{"line":23,"column":6},"end":{"line":23,"column":null}},"13":{"start":{"line":25,"column":6},"end":{"line":25,"column":null}},"14":{"start":{"line":29,"column":23},"end":{"line":39,"column":null}},"15":{"start":{"line":30,"column":4},"end":{"line":38,"column":null}},"16":{"start":{"line":31,"column":6},"end":{"line":37,"column":null}},"17":{"start":{"line":32,"column":8},"end":{"line":32,"column":null}},"18":{"start":{"line":33,"column":8},"end":{"line":33,"column":null}},"19":{"start":{"line":33,"column":46},"end":{"line":33,"column":62}},"20":{"start":{"line":35,"column":8},"end":{"line":35,"column":null}},"21":{"start":{"line":36,"column":8},"end":{"line":36,"column":null}},"22":{"start":{"line":41,"column":26},"end":{"line":46,"column":null}},"23":{"start":{"line":43,"column":6},"end":{"line":45,"column":null}},"24":{"start":{"line":48,"column":2},"end":{"line":54,"column":null}},"25":{"start":{"line":49,"column":4},"end":{"line":52,"column":null}},"26":{"start":{"line":56,"column":2},"end":{"line":149,"column":null}},"27":{"start":{"line":86,"column":31},"end":{"line":86,"column":null}},"28":{"start":{"line":112,"column":18},"end":{"line":142,"column":null}},"29":{"start":{"line":134,"column":41},"end":{"line":134,"column":null}}},"fnMap":{"0":{"name":"AlumnoList","decl":{"start":{"line":6,"column":9},"end":{"line":6,"column":22}},"loc":{"start":{"line":6,"column":22},"end":{"line":151,"column":null}},"line":6},"1":{"name":"(anonymous_1)","decl":{"start":{"line":12,"column":2},"end":{"line":12,"column":18}},"loc":{"start":{"line":12,"column":18},"end":{"line":14,"column":5}},"line":12},"2":{"name":"(anonymous_2)","decl":{"start":{"line":16,"column":23},"end":{"line":16,"column":35}},"loc":{"start":{"line":16,"column":35},"end":{"line":27,"column":null}},"line":16},"3":{"name":"(anonymous_3)","decl":{"start":{"line":29,"column":23},"end":{"line":29,"column":30}},"loc":{"start":{"line":29,"column":37},"end":{"line":39,"column":null}},"line":29},"4":{"name":"(anonymous_4)","decl":{"start":{"line":33,"column":27},"end":{"line":33,"column":35}},"loc":{"start":{"line":33,"column":46},"end":{"line":33,"column":62}},"line":33},"5":{"name":"(anonymous_5)","decl":{"start":{"line":41,"column":34},"end":{"line":41,"column":null}},"loc":{"start":{"line":43,"column":6},"end":{"line":45,"column":null}},"line":43},"6":{"name":"(anonymous_6)","decl":{"start":{"line":86,"column":14},"end":{"line":86,"column":25}},"loc":{"start":{"line":86,"column":31},"end":{"line":86,"column":null}},"line":86},"7":{"name":"(anonymous_7)","decl":{"start":{"line":111,"column":33},"end":{"line":111,"column":38}},"loc":{"start":{"line":112,"column":18},"end":{"line":142,"column":null}},"line":112},"8":{"name":"(anonymous_8)","decl":{"start":{"line":134,"column":26},"end":{"line":134,"column":41}},"loc":{"start":{"line":134,"column":41},"end":{"line":134,"column":null}},"line":134}},"branchMap":{"0":{"loc":{"start":{"line":30,"column":4},"end":{"line":38,"column":null}},"type":"if","locations":[{"start":{"line":30,"column":4},"end":{"line":38,"column":null}},{"start":{},"end":{}}],"line":30},"1":{"loc":{"start":{"line":43,"column":6},"end":{"line":45,"column":null}},"type":"binary-expr","locations":[{"start":{"line":43,"column":6},"end":{"line":43,"column":null}},{"start":{"line":44,"column":6},"end":{"line":44,"column":null}},{"start":{"line":45,"column":6},"end":{"line":45,"column":null}}],"line":43},"2":{"loc":{"start":{"line":48,"column":2},"end":{"line":54,"column":null}},"type":"if","locations":[{"start":{"line":48,"column":2},"end":{"line":54,"column":null}},{"start":{},"end":{}}],"line":48},"3":{"loc":{"start":{"line":72,"column":7},"end":{"line":75,"column":null}},"type":"binary-expr","locations":[{"start":{"line":72,"column":7},"end":{"line":72,"column":null}},{"start":{"line":73,"column":8},"end":{"line":75,"column":null}}],"line":72},"4":{"loc":{"start":{"line":92,"column":9},"end":{"line":148,"column":null}},"type":"cond-expr","locations":[{"start":{"line":93,"column":10},"end":{"line":99,"column":11}},{"start":{"line":99,"column":10},"end":{"line":148,"column":null}}],"line":92}},"s":{"0":19,"1":19,"2":19,"3":19,"4":19,"5":8,"6":19,"7":8,"8":8,"9":6,"10":6,"11":1,"12":1,"13":7,"14":19,"15":3,"16":2,"17":2,"18":1,"19":2,"20":1,"21":1,"22":19,"23":17,"24":19,"25":8,"26":11,"27":2,"28":14,"29":3},"f":{"0":19,"1":8,"2":8,"3":3,"4":2,"5":17,"6":2,"7":14,"8":3},"b":{"0":[2,1],"1":[17,3,3],"2":[8,11],"3":[11,2],"4":[3,8]},"meta":{"lastBranch":5,"lastFunction":9,"lastStatement":30,"seen":{"f:6:9:6:22":0,"s:7:18:7:Infinity":0,"s:8:18:8:Infinity":1,"s:9:21:9:Infinity":2,"s:10:16:10:Infinity":3,"s:12:2:14:Infinity":4,"f:12:2:12:18":1,"s:13:4:13:Infinity":5,"s:16:23:27:Infinity":6,"f:16:23:16:35":2,"s:17:4:26:Infinity":7,"s:18:19:18:Infinity":8,"s:19:6:19:Infinity":9,"s:20:6:20:Infinity":10,"s:22:6:22:Infinity":11,"s:23:6:23:Infinity":12,"s:25:6:25:Infinity":13,"s:29:23:39:Infinity":14,"f:29:23:29:30":3,"b:30:4:38:Infinity:undefined:undefined:undefined:undefined":0,"s:30:4:38:Infinity":15,"s:31:6:37:Infinity":16,"s:32:8:32:Infinity":17,"s:33:8:33:Infinity":18,"f:33:27:33:35":4,"s:33:46:33:62":19,"s:35:8:35:Infinity":20,"s:36:8:36:Infinity":21,"s:41:26:46:Infinity":22,"f:41:34:41:Infinity":5,"s:43:6:45:Infinity":23,"b:43:6:43:Infinity:44:6:44:Infinity:45:6:45:Infinity":1,"b:48:2:54:Infinity:undefined:undefined:undefined:undefined":2,"s:48:2:54:Infinity":24,"s:49:4:52:Infinity":25,"s:56:2:149:Infinity":26,"b:72:7:72:Infinity:73:8:75:Infinity":3,"f:86:14:86:25":6,"s:86:31:86:Infinity":27,"b:93:10:99:11:99:10:148:Infinity":4,"f:111:33:111:38":7,"s:112:18:142:Infinity":28,"f:134:26:134:41":8,"s:134:41:134:Infinity":29}}}
,"/Users/mauriciovelasquezsilva/0000000/guia/fase_5_githubAction-ECR/paso2-servicio-alumnos/web-alumnos/src/components/Navbar.jsx": {"path":"/Users/mauriciovelasquezsilva/0000000/guia/fase_5_githubAction-ECR/paso2-servicio-alumnos/web-alumnos/src/components/Navbar.jsx","statementMap":{"0":{"start":{"line":5,"column":2},"end":{"line":29,"column":null}}},"fnMap":{"0":{"name":"Navbar","decl":{"start":{"line":4,"column":9},"end":{"line":4,"column":18}},"loc":{"start":{"line":4,"column":18},"end":{"line":31,"column":null}},"line":4}},"branchMap":{},"s":{"0":2},"f":{"0":2},"b":{},"meta":{"lastBranch":0,"lastFunction":1,"lastStatement":1,"seen":{"f:4:9:4:18":0,"s:5:2:29:Infinity":0}}}
,"/Users/mauriciovelasquezsilva/0000000/guia/fase_5_githubAction-ECR/paso2-servicio-alumnos/web-alumnos/src/services/alumnoService.js": {"path":"/Users/mauriciovelasquezsilva/0000000/guia/fase_5_githubAction-ECR/paso2-servicio-alumnos/web-alumnos/src/services/alumnoService.js","statementMap":{"0":{"start":{"line":3,"column":16},"end":{"line":3,"column":null}},"1":{"start":{"line":5,"column":22},"end":{"line":34,"column":null}},"2":{"start":{"line":7,"column":21},"end":{"line":7,"column":null}},"3":{"start":{"line":8,"column":4},"end":{"line":8,"column":null}},"4":{"start":{"line":12,"column":21},"end":{"line":12,"column":null}},"5":{"start":{"line":13,"column":4},"end":{"line":13,"column":null}},"6":{"start":{"line":17,"column":21},"end":{"line":17,"column":null}},"7":{"start":{"line":18,"column":4},"end":{"line":18,"column":null}},"8":{"start":{"line":22,"column":21},"end":{"line":22,"column":null}},"9":{"start":{"line":23,"column":4},"end":{"line":23,"column":null}},"10":{"start":{"line":27,"column":21},"end":{"line":27,"column":null}},"11":{"start":{"line":28,"column":4},"end":{"line":28,"column":null}},"12":{"start":{"line":32,"column":4},"end":{"line":32,"column":null}}},"fnMap":{"0":{"name":"(anonymous_0)","decl":{"start":{"line":6,"column":10},"end":{"line":6,"column":15}},"loc":{"start":{"line":6,"column":22},"end":{"line":9,"column":3}},"line":6},"1":{"name":"(anonymous_1)","decl":{"start":{"line":11,"column":11},"end":{"line":11,"column":16}},"loc":{"start":{"line":11,"column":25},"end":{"line":14,"column":3}},"line":11},"2":{"name":"(anonymous_2)","decl":{"start":{"line":16,"column":12},"end":{"line":16,"column":17}},"loc":{"start":{"line":16,"column":27},"end":{"line":19,"column":3}},"line":16},"3":{"name":"(anonymous_3)","decl":{"start":{"line":21,"column":10},"end":{"line":21,"column":15}},"loc":{"start":{"line":21,"column":28},"end":{"line":24,"column":3}},"line":21},"4":{"name":"(anonymous_4)","decl":{"start":{"line":26,"column":10},"end":{"line":26,"column":15}},"loc":{"start":{"line":26,"column":32},"end":{"line":29,"column":3}},"line":26},"5":{"name":"(anonymous_5)","decl":{"start":{"line":31,"column":10},"end":{"line":31,"column":15}},"loc":{"start":{"line":31,"column":24},"end":{"line":33,"column":3}},"line":31}},"branchMap":{},"s":{"0":5,"1":5,"2":1,"3":1,"4":1,"5":1,"6":1,"7":1,"8":1,"9":1,"10":1,"11":1,"12":1},"f":{"0":1,"1":1,"2":1,"3":1,"4":1,"5":1},"b":{},"meta":{"lastBranch":0,"lastFunction":6,"lastStatement":13,"seen":{"s:3:16:3:Infinity":0,"s:5:22:34:Infinity":1,"f:6:10:6:15":0,"s:7:21:7:Infinity":2,"s:8:4:8:Infinity":3,"f:11:11:11:16":1,"s:12:21:12:Infinity":4,"s:13:4:13:Infinity":5,"f:16:12:16:17":2,"s:17:21:17:Infinity":6,"s:18:4:18:Infinity":7,"f:21:10:21:15":3,"s:22:21:22:Infinity":8,"s:23:4:23:Infinity":9,"f:26:10:26:15":4,"s:27:21:27:Infinity":10,"s:28:4:28:Infinity":11,"f:31:10:31:15":5,"s:32:4:32:Infinity":12}}}
}
