TN:
SF:src/App.jsx
FN:7,App
FNF:1
FNH:1
FNDA:1,App
DA:1,1
DA:2,1
DA:3,1
DA:4,1
DA:5,1
DA:7,1
DA:8,1
DA:9,1
DA:10,1
DA:11,1
DA:12,1
DA:13,1
DA:14,1
DA:15,1
DA:16,1
DA:17,1
DA:18,1
DA:19,1
DA:20,1
DA:21,1
DA:23,1
DA:25,1
LF:22
LH:22
BRDA:7,0,0,1
BRF:1
BRH:1
end_of_record
TN:
SF:src/App.test.jsx
FNF:0
FNH:0
DA:1,1
DA:2,1
DA:8,1
DA:9,1
DA:10,1
DA:11,1
DA:13,1
DA:14,1
DA:15,2
DA:16,1
DA:17,1
DA:18,1
LF:12
LH:12
BRDA:8,0,0,1
BRDA:9,1,0,1
BRDA:14,2,0,2
BRF:3
BRH:3
end_of_record
TN:
SF:src/components/AlumnoDetail.jsx
FN:6,AlumnoDetail
FN:18,fetchAlumno
FN:31,handleDelete
FN:58,onClick
FN:73,onClick
FN:85,onClick
FN:134,onClick
FN:141,onClick
FNF:8
FNH:8
FNDA:18,AlumnoDetail
FNDA:9,fetchAlumno
FNDA:3,handleDelete
FNDA:1,onClick
FNDA:1,onClick
FNDA:1,onClick
FNDA:3,onClick
FNDA:1,onClick
DA:1,1
DA:2,1
DA:3,1
DA:4,1
DA:6,18
DA:7,18
DA:8,18
DA:10,18
DA:11,18
DA:12,18
DA:14,18
DA:15,9
DA:16,18
DA:18,18
DA:19,9
DA:20,9
DA:21,7
DA:22,7
DA:23,9
DA:24,1
DA:25,1
DA:26,9
DA:27,8
DA:28,8
DA:29,9
DA:31,18
DA:32,3
DA:33,2
DA:34,2
DA:35,1
DA:36,1
DA:37,1
DA:38,1
DA:39,1
DA:40,2
DA:41,3
DA:43,18
DA:44,9
DA:45,9
DA:46,9
DA:47,9
DA:49,9
DA:51,18
DA:52,2
DA:53,2
DA:54,2
DA:55,2
DA:56,2
DA:57,2
DA:58,2
DA:59,2
DA:60,2
DA:62,2
DA:63,2
DA:65,2
DA:67,18
DA:68,1
DA:69,1
DA:70,1
DA:71,1
DA:72,1
DA:73,1
DA:74,1
DA:75,1
DA:77,1
DA:78,1
DA:80,1
DA:82,6
DA:83,6
DA:84,6
DA:85,6
DA:86,6
DA:88,6
DA:89,6
DA:90,6
DA:92,6
DA:93,6
DA:94,6
DA:95,6
DA:97,6
DA:98,6
DA:99,6
DA:100,6
DA:101,6
DA:102,6
DA:103,6
DA:104,6
DA:105,6
DA:106,6
DA:107,6
DA:109,6
DA:110,6
DA:111,6
DA:112,6
DA:113,6
DA:114,6
DA:115,6
DA:117,6
DA:118,6
DA:119,6
DA:120,6
DA:121,6
DA:122,6
DA:124,6
DA:125,6
DA:126,6
DA:127,6
DA:128,6
DA:129,6
DA:130,6
DA:132,6
DA:133,6
DA:134,6
DA:135,6
DA:137,6
DA:138,6
DA:139,6
DA:140,6
DA:141,6
DA:142,6
DA:144,6
DA:145,6
DA:146,6
DA:147,6
DA:148,6
DA:149,6
DA:150,6
DA:151,6
DA:153,6
DA:155,1
LF:130
LH:130
BRDA:6,0,0,18
BRDA:43,1,0,9
BRDA:51,2,0,2
BRDA:65,3,0,7
BRDA:67,4,0,1
BRDA:80,5,0,6
BRDA:14,6,0,9
BRDA:18,7,0,9
BRDA:20,8,0,7
BRDA:23,9,0,1
BRDA:26,10,0,8
BRDA:31,11,0,3
BRDA:32,12,0,2
BRDA:34,13,0,1
BRDA:58,14,0,1
BRDA:73,15,0,1
BRDA:85,16,0,1
BRDA:134,17,0,3
BRDA:141,18,0,1
BRF:19
BRH:19
end_of_record
TN:
SF:src/components/AlumnoDetail.test.jsx
FNF:0
FNH:0
DA:1,1
DA:3,1
DA:9,1
DA:19,1
DA:20,1
DA:22,1
DA:23,9
DA:24,9
DA:25,1
DA:27,1
DA:28,1
DA:29,1
DA:30,1
DA:31,1
DA:32,1
DA:33,1
DA:34,1
DA:35,1
DA:37,1
DA:38,1
DA:40,1
DA:41,1
DA:42,1
DA:43,1
DA:44,1
DA:46,1
DA:47,2
DA:48,2
DA:49,2
DA:50,2
DA:51,1
DA:52,1
DA:54,1
DA:55,1
DA:57,1
DA:58,1
DA:59,1
DA:60,1
DA:61,1
DA:63,1
DA:64,2
DA:65,1
DA:67,1
DA:68,1
DA:69,1
DA:70,1
DA:72,1
DA:73,1
DA:75,1
DA:76,1
DA:77,1
DA:78,1
DA:79,1
DA:81,1
DA:82,2
DA:83,1
DA:85,1
DA:86,1
DA:87,1
DA:88,1
DA:90,1
DA:91,1
DA:93,1
DA:94,1
DA:95,1
DA:96,1
DA:97,1
DA:99,1
DA:100,2
DA:101,1
DA:103,1
DA:104,1
DA:105,1
DA:106,1
DA:108,1
DA:109,1
DA:111,1
DA:112,1
DA:113,1
DA:114,1
DA:115,1
DA:117,1
DA:118,2
DA:119,1
DA:121,1
DA:122,1
DA:123,1
DA:124,1
DA:126,1
DA:127,1
DA:128,1
DA:130,1
DA:131,1
DA:132,1
DA:133,1
DA:134,1
DA:136,1
DA:137,2
DA:138,1
DA:140,1
DA:141,1
DA:143,1
DA:144,1
DA:145,1
DA:146,2
DA:147,1
DA:148,1
DA:150,1
DA:151,1
DA:152,1
DA:154,1
DA:155,1
DA:156,1
DA:157,1
DA:158,1
DA:160,1
DA:161,2
DA:162,1
DA:164,1
DA:165,1
DA:167,1
DA:168,2
DA:169,1
DA:170,1
DA:172,1
DA:173,1
DA:174,1
DA:176,1
DA:177,1
DA:178,1
DA:179,1
DA:180,1
DA:182,1
DA:183,2
DA:184,1
DA:186,1
DA:187,1
DA:189,1
DA:190,1
DA:191,1
DA:192,1
DA:193,1
LF:142
LH:142
BRDA:19,0,0,1
BRDA:22,1,0,9
BRDA:24,2,0,2
BRDA:27,3,0,1
BRDA:28,4,0,1
BRDA:37,5,0,1
BRDA:46,6,0,2
BRDA:54,7,0,1
BRDA:63,8,0,2
BRDA:72,9,0,1
BRDA:81,10,0,2
BRDA:90,11,0,1
BRDA:99,12,0,2
BRDA:108,13,0,1
BRDA:117,14,0,2
BRDA:126,15,0,1
BRDA:136,16,0,2
BRDA:145,17,0,2
BRDA:150,18,0,1
BRDA:160,19,0,2
BRDA:167,20,0,2
BRDA:172,21,0,1
BRDA:173,22,0,1
BRDA:182,23,0,2
BRF:24
BRH:24
end_of_record
TN:
SF:src/components/AlumnoForm.jsx
FN:5,AlumnoForm
FN:24,fetchAlumno
FN:37,validate
FN:51,handleChange
FN:59,handleSubmit
FN:149,onClick
FNF:6
FNH:6
FNDA:29,AlumnoForm
FNDA:4,fetchAlumno
FNDA:5,validate
FNDA:8,handleChange
FNDA:5,handleSubmit
FNDA:1,onClick
DA:1,1
DA:2,1
DA:3,1
DA:5,29
DA:6,29
DA:7,29
DA:9,29
DA:10,29
DA:11,29
DA:12,29
DA:13,29
DA:14,29
DA:15,29
DA:16,29
DA:18,29
DA:19,10
DA:20,4
DA:21,4
DA:22,29
DA:24,29
DA:25,4
DA:26,4
DA:27,3
DA:28,4
DA:29,4
DA:30,4
DA:31,4
DA:32,4
DA:33,1
DA:34,1
DA:35,4
DA:37,29
DA:38,5
DA:39,5
DA:40,2
DA:41,2
DA:42,5
DA:43,2
DA:44,2
DA:45,5
DA:46,2
DA:47,2
DA:48,5
DA:49,5
DA:51,29
DA:52,8
DA:53,8
DA:54,8
DA:55,1
DA:56,1
DA:57,8
DA:59,29
DA:60,5
DA:61,5
DA:62,5
DA:63,2
DA:64,2
DA:65,2
DA:67,3
DA:68,3
DA:69,5
DA:70,1
DA:71,5
DA:72,2
DA:73,1
DA:74,2
DA:75,5
DA:76,1
DA:77,1
DA:78,5
DA:79,3
DA:80,3
DA:81,5
DA:83,29
DA:84,29
DA:85,29
DA:86,29
DA:87,29
DA:88,29
DA:89,29
DA:90,29
DA:91,29
DA:92,29
DA:94,29
DA:95,29
DA:96,29
DA:97,29
DA:98,29
DA:100,29
DA:101,29
DA:102,29
DA:103,29
DA:104,29
DA:105,29
DA:106,29
DA:107,29
DA:108,29
DA:109,29
DA:110,29
DA:111,29
DA:113,29
DA:114,29
DA:116,29
DA:117,29
DA:118,29
DA:119,29
DA:120,29
DA:121,29
DA:122,29
DA:123,29
DA:124,29
DA:125,29
DA:126,29
DA:127,29
DA:129,29
DA:130,29
DA:132,29
DA:133,29
DA:134,29
DA:135,29
DA:136,29
DA:137,29
DA:138,29
DA:139,29
DA:140,29
DA:141,29
DA:142,29
DA:143,29
DA:144,29
DA:146,29
DA:147,29
DA:148,29
DA:149,29
DA:150,29
DA:151,29
DA:153,29
DA:154,29
DA:155,29
DA:156,29
DA:157,29
DA:159,29
DA:160,3
DA:161,3
DA:162,3
DA:163,3
DA:165,26
DA:167,29
DA:168,29
DA:169,29
DA:170,29
DA:171,29
DA:173,29
DA:175,1
LF:153
LH:153
BRDA:5,0,0,29
BRDA:87,1,0,10
BRDA:87,2,0,19
BRDA:90,3,0,10
BRDA:90,4,0,19
BRDA:107,5,0,2
BRDA:107,6,0,27
BRDA:110,7,0,2
BRDA:123,8,0,3
BRDA:123,9,0,26
BRDA:126,10,0,3
BRDA:139,11,0,3
BRDA:139,12,0,26
BRDA:142,13,0,3
BRDA:159,14,0,3
BRDA:163,15,0,26
BRDA:165,16,0,9
BRDA:165,17,0,17
BRDA:18,18,0,10
BRDA:19,19,0,4
BRDA:24,20,0,4
BRDA:26,21,0,3
BRDA:28,22,0,1
BRDA:29,23,0,1
BRDA:30,24,0,1
BRDA:32,25,0,1
BRDA:37,26,0,5
BRDA:39,27,0,2
BRDA:42,28,0,2
BRDA:45,29,0,2
BRDA:51,30,0,8
BRDA:54,31,0,1
BRDA:53,32,0,8
BRDA:55,33,0,1
BRDA:59,34,0,5
BRDA:62,35,0,2
BRDA:65,36,0,3
BRDA:69,37,0,1
BRDA:71,38,0,2
BRDA:72,39,0,1
BRDA:75,40,0,1
BRDA:78,41,0,3
BRDA:149,42,0,1
BRF:43
BRH:43
end_of_record
TN:
SF:src/components/AlumnoForm.test.jsx
FNF:0
FNH:0
DA:1,1
DA:3,1
DA:9,1
DA:10,1
DA:21,1
DA:22,1
DA:24,1
DA:25,10
DA:26,10
DA:27,10
DA:28,1
DA:30,1
DA:31,1
DA:32,1
DA:33,1
DA:34,1
DA:35,1
DA:37,1
DA:38,1
DA:39,1
DA:40,1
DA:41,1
DA:43,1
DA:44,1
DA:45,1
DA:47,1
DA:48,1
DA:49,1
DA:50,1
DA:51,1
DA:53,1
DA:54,1
DA:55,2
DA:56,2
DA:57,2
DA:58,1
DA:59,1
DA:61,1
DA:62,1
DA:63,1
DA:64,1
DA:66,1
DA:67,1
DA:68,1
DA:69,1
DA:70,1
DA:72,1
DA:73,2
DA:74,1
DA:75,1
DA:77,1
DA:78,1
DA:79,1
DA:80,1
DA:81,1
DA:82,1
DA:84,1
DA:85,1
DA:87,1
DA:88,1
DA:89,1
DA:90,1
DA:92,1
DA:93,1
DA:94,1
DA:95,1
DA:96,1
DA:97,1
DA:100,1
DA:101,1
DA:104,1
DA:105,1
DA:107,1
DA:108,1
DA:109,1
DA:111,1
DA:112,1
DA:113,1
DA:114,1
DA:115,1
DA:116,1
DA:118,1
DA:119,1
DA:121,1
DA:122,1
DA:124,1
DA:125,1
DA:127,1
DA:128,1
DA:129,1
DA:130,1
DA:131,1
DA:133,1
DA:134,1
DA:135,1
DA:137,1
DA:139,1
DA:140,2
DA:141,2
DA:142,2
DA:143,2
DA:144,2
DA:145,2
DA:146,1
DA:147,1
DA:149,1
DA:150,1
DA:151,1
DA:152,1
DA:154,1
DA:155,1
DA:156,1
DA:157,1
DA:158,1
DA:160,1
DA:161,2
DA:162,1
DA:164,1
DA:165,1
DA:167,1
DA:168,2
DA:169,2
DA:170,2
DA:171,2
DA:172,2
DA:173,2
DA:174,1
DA:175,1
DA:177,1
DA:178,1
DA:179,1
DA:181,1
DA:182,1
DA:183,1
DA:184,1
DA:185,1
DA:187,1
DA:188,1
DA:189,1
DA:191,1
DA:193,1
DA:194,2
DA:195,2
DA:196,1
DA:197,1
DA:199,1
DA:200,1
DA:201,1
DA:203,1
DA:204,1
DA:205,1
DA:206,1
DA:207,1
DA:209,1
DA:210,1
DA:211,1
DA:212,1
DA:213,1
DA:214,1
DA:215,1
LF:160
LH:160
BRDA:21,0,0,1
BRDA:24,1,0,10
BRDA:27,2,0,1
BRDA:30,3,0,1
BRDA:43,4,0,1
BRDA:54,5,0,2
BRDA:61,6,0,1
BRDA:63,7,0,1
BRDA:72,8,0,2
BRDA:77,9,0,1
BRDA:92,10,0,1
BRDA:111,11,0,1
BRDA:124,12,0,1
BRDA:139,13,0,2
BRDA:149,14,0,1
BRDA:160,15,0,2
BRDA:167,16,0,2
BRDA:177,17,0,1
BRDA:178,18,0,1
BRDA:193,19,0,2
BRDA:199,20,0,1
BRDA:209,21,0,1
BRF:22
BRH:22
end_of_record
TN:
SF:src/components/AlumnoList.jsx
FN:6,AlumnoList
FN:16,fetchAlumnos
FN:29,handleDelete
FN:86,onChange
FN:134,onClick
FNF:5
FNH:5
FNDA:19,AlumnoList
FNDA:8,fetchAlumnos
FNDA:3,handleDelete
FNDA:2,onChange
FNDA:3,onClick
DA:1,1
DA:2,1
DA:3,1
DA:4,1
DA:6,19
DA:7,19
DA:8,19
DA:9,19
DA:10,19
DA:12,19
DA:13,8
DA:14,19
DA:16,19
DA:17,8
DA:18,8
DA:19,6
DA:20,6
DA:21,8
DA:22,1
DA:23,1
DA:24,8
DA:25,7
DA:26,7
DA:27,8
DA:29,19
DA:30,3
DA:31,2
DA:32,2
DA:33,1
DA:34,1
DA:35,1
DA:36,1
DA:37,1
DA:38,2
DA:39,3
DA:41,19
DA:42,19
DA:43,17
DA:44,3
DA:45,3
DA:46,19
DA:48,19
DA:49,8
DA:50,8
DA:51,8
DA:52,8
DA:54,8
DA:56,11
DA:57,11
DA:58,11
DA:59,11
DA:60,11
DA:61,11
DA:62,11
DA:63,11
DA:64,11
DA:65,11
DA:67,11
DA:68,11
DA:69,11
DA:70,11
DA:72,11
DA:73,2
DA:74,2
DA:75,2
DA:78,19
DA:79,19
DA:80,19
DA:81,19
DA:82,19
DA:83,19
DA:84,19
DA:85,19
DA:86,19
DA:87,19
DA:88,19
DA:89,19
DA:90,19
DA:92,19
DA:93,3
DA:94,3
DA:95,3
DA:96,3
DA:97,3
DA:99,8
DA:100,8
DA:101,8
DA:102,8
DA:103,8
DA:104,8
DA:105,8
DA:106,8
DA:107,8
DA:108,8
DA:109,8
DA:110,8
DA:111,8
DA:112,14
DA:113,14
DA:114,14
DA:115,14
DA:116,14
DA:117,14
DA:118,14
DA:119,14
DA:120,14
DA:121,14
DA:122,14
DA:124,14
DA:125,14
DA:126,14
DA:127,14
DA:128,14
DA:129,14
DA:131,14
DA:132,14
DA:133,14
DA:134,14
DA:135,14
DA:136,14
DA:138,14
DA:139,14
DA:140,14
DA:141,14
DA:142,14
DA:143,8
DA:144,8
DA:145,8
DA:146,8
DA:148,19
DA:149,19
DA:151,19
DA:153,1
LF:133
LH:133
BRDA:6,0,0,19
BRDA:48,1,0,18
BRDA:48,2,0,8
BRDA:54,3,0,11
BRDA:72,4,0,2
BRDA:92,5,0,3
BRDA:97,6,0,8
BRDA:12,7,0,8
BRDA:16,8,0,8
BRDA:18,9,0,6
BRDA:21,10,0,1
BRDA:24,11,0,7
BRDA:29,12,0,3
BRDA:30,13,0,2
BRDA:32,14,0,1
BRDA:33,15,0,2
BRDA:42,16,0,17
BRDA:43,17,0,3
BRDA:44,18,0,3
BRDA:86,19,0,2
BRDA:111,20,0,14
BRDA:134,21,0,3
BRF:22
BRH:22
end_of_record
TN:
SF:src/components/AlumnoList.test.jsx
FNF:0
FNH:0
DA:1,1
DA:3,1
DA:9,1
DA:10,1
DA:11,1
DA:12,1
DA:13,1
DA:15,1
DA:16,7
DA:17,7
DA:18,1
DA:20,1
DA:21,1
DA:22,1
DA:23,1
DA:24,1
DA:25,1
DA:26,1
DA:27,1
DA:28,1
DA:30,1
DA:31,1
DA:33,1
DA:34,1
DA:35,1
DA:36,1
DA:37,1
DA:39,1
DA:40,2
DA:41,2
DA:42,1
DA:43,1
DA:45,1
DA:46,1
DA:48,1
DA:49,1
DA:50,1
DA:51,1
DA:52,1
DA:54,1
DA:55,2
DA:56,1
DA:57,1
DA:59,1
DA:60,1
DA:62,1
DA:63,1
DA:64,1
DA:65,1
DA:66,1
DA:68,1
DA:69,2
DA:70,1
DA:72,1
DA:73,1
DA:75,1
DA:76,1
DA:79,1
DA:80,1
DA:81,1
DA:83,1
DA:84,1
DA:85,1
DA:87,1
DA:88,1
DA:89,1
DA:90,1
DA:91,1
DA:93,1
DA:94,2
DA:95,1
DA:97,1
DA:98,1
DA:100,1
DA:101,1
DA:103,1
DA:104,2
DA:105,1
DA:106,1
DA:108,1
DA:109,1
DA:110,1
DA:112,1
DA:113,1
DA:114,1
DA:115,1
DA:116,1
DA:118,1
DA:119,2
DA:120,1
DA:122,1
DA:123,1
DA:125,1
DA:126,2
DA:127,1
DA:128,1
DA:130,1
DA:131,1
DA:132,1
DA:134,1
DA:135,1
DA:136,1
DA:137,1
DA:138,1
DA:140,1
DA:141,2
DA:142,1
DA:144,1
DA:145,1
DA:147,1
DA:148,1
DA:149,1
DA:150,1
DA:151,1
LF:114
LH:114
BRDA:9,0,0,1
BRDA:15,1,0,7
BRDA:17,2,0,2
BRDA:20,3,0,1
BRDA:21,4,0,1
BRDA:30,5,0,1
BRDA:39,6,0,2
BRDA:45,7,0,1
BRDA:54,8,0,2
BRDA:59,9,0,1
BRDA:68,10,0,2
BRDA:83,11,0,1
BRDA:93,12,0,2
BRDA:103,13,0,2
BRDA:108,14,0,1
BRDA:118,15,0,2
BRDA:125,16,0,2
BRDA:130,17,0,1
BRDA:131,18,0,1
BRDA:140,19,0,2
BRF:20
BRH:20
end_of_record
TN:
SF:src/components/Navbar.jsx
FN:4,Navbar
FNF:1
FNH:1
FNDA:2,Navbar
DA:1,1
DA:2,1
DA:4,2
DA:5,2
DA:6,2
DA:7,2
DA:8,2
DA:9,2
DA:10,2
DA:11,2
DA:12,2
DA:13,2
DA:14,2
DA:15,2
DA:16,2
DA:17,2
DA:19,2
DA:20,2
DA:21,2
DA:22,2
DA:23,2
DA:25,2
DA:26,2
DA:27,2
DA:28,2
DA:29,2
DA:31,2
DA:33,1
LF:28
LH:28
BRDA:4,0,0,2
BRF:1
BRH:1
end_of_record
TN:
SF:src/components/Navbar.test.jsx
FNF:0
FNH:0
DA:1,1
DA:2,1
DA:3,1
DA:4,1
DA:6,1
DA:7,1
DA:8,1
DA:9,1
DA:10,1
DA:11,1
DA:12,1
DA:14,1
DA:15,1
DA:16,1
DA:17,1
DA:18,1
LF:16
LH:16
BRDA:6,0,0,1
BRDA:7,1,0,1
BRF:2
BRH:2
end_of_record
TN:
SF:src/services/alumnoService.js
FN:6,getAll
FN:11,getById
FN:16,getByRut
FN:21,create
FN:26,update
FN:31,delete
FNF:6
FNH:6
FNDA:1,getAll
FNDA:1,getById
FNDA:1,getByRut
FNDA:1,create
FNDA:1,update
FNDA:1,delete
DA:1,1
DA:2,1
DA:3,1
DA:4,1
DA:5,1
DA:6,1
DA:7,1
DA:8,1
DA:9,1
DA:10,1
DA:11,1
DA:12,1
DA:13,1
DA:14,1
DA:15,1
DA:16,1
DA:17,1
DA:18,1
DA:19,1
DA:20,1
DA:21,1
DA:22,1
DA:23,1
DA:24,1
DA:25,1
DA:26,1
DA:27,1
DA:28,1
DA:29,1
DA:30,1
DA:31,1
DA:32,1
DA:33,1
DA:34,1
DA:35,1
DA:36,1
LF:36
LH:36
BRDA:6,0,0,1
BRDA:11,1,0,1
BRDA:16,2,0,1
BRDA:21,3,0,1
BRDA:26,4,0,1
BRDA:31,5,0,1
BRF:6
BRH:6
end_of_record
TN:
SF:src/services/alumnoService.test.js
FNF:0
FNH:0
DA:1,1
DA:7,1
DA:8,1
DA:9,6
DA:10,1
DA:12,1
DA:13,1
DA:14,1
DA:16,1
DA:18,1
DA:19,1
DA:20,1
DA:22,1
DA:23,1
DA:24,1
DA:26,1
DA:28,1
DA:29,1
DA:30,1
DA:32,1
DA:33,1
DA:34,1
DA:36,1
DA:38,1
DA:39,1
DA:40,1
DA:42,1
DA:43,1
DA:44,1
DA:45,1
DA:47,1
DA:49,1
DA:50,1
DA:51,1
DA:53,1
DA:54,1
DA:55,1
DA:56,1
DA:58,1
DA:60,1
DA:61,1
DA:62,1
DA:64,1
DA:65,1
DA:67,1
DA:69,1
DA:70,1
DA:71,1
LF:48
LH:48
BRDA:7,0,0,1
BRDA:8,1,0,6
BRDA:12,2,0,1
BRDA:22,3,0,1
BRDA:32,4,0,1
BRDA:42,5,0,1
BRDA:53,6,0,1
BRDA:64,7,0,1
BRF:8
BRH:8
end_of_record
