TN:
SF:src/App.jsx
FN:7,App
FNF:1
FNH:1
FNDA:1,App
DA:8,1
LF:1
LH:1
BRF:0
BRH:0
end_of_record
TN:
SF:src/components/AlumnoDetail.jsx
FN:6,AlumnoDetail
FN:14,(anonymous_1)
FN:18,(anonymous_2)
FN:31,(anonymous_3)
FN:58,(anonymous_4)
FN:73,(anonymous_5)
FN:85,(anonymous_6)
FN:134,(anonymous_7)
FN:141,(anonymous_8)
FNF:9
FNH:9
FNDA:18,AlumnoDetail
FNDA:9,(anonymous_1)
FNDA:9,(anonymous_2)
FNDA:3,(anonymous_3)
FNDA:1,(anonymous_4)
FNDA:1,(anonymous_5)
FNDA:1,(anonymous_6)
FNDA:3,(anonymous_7)
FNDA:1,(anonymous_8)
DA:7,18
DA:8,18
DA:10,18
DA:11,18
DA:12,18
DA:14,18
DA:15,9
DA:18,18
DA:19,9
DA:20,9
DA:21,7
DA:22,7
DA:24,1
DA:25,1
DA:27,8
DA:31,18
DA:32,3
DA:33,2
DA:34,2
DA:35,1
DA:37,1
DA:38,1
DA:43,18
DA:44,9
DA:51,9
DA:52,2
DA:58,1
DA:67,7
DA:68,1
DA:73,1
DA:82,6
DA:85,1
DA:134,3
DA:141,1
LF:34
LH:34
BRDA:32,0,0,2
BRDA:32,0,1,1
BRDA:43,1,0,9
BRDA:43,1,1,9
BRDA:51,2,0,2
BRDA:51,2,1,7
BRDA:67,3,0,1
BRDA:67,3,1,6
BRF:8
BRH:8
end_of_record
TN:
SF:src/components/AlumnoForm.jsx
FN:5,AlumnoForm
FN:18,(anonymous_1)
FN:24,(anonymous_2)
FN:37,(anonymous_3)
FN:51,(anonymous_4)
FN:53,(anonymous_5)
FN:55,(anonymous_6)
FN:59,(anonymous_7)
FN:149,(anonymous_8)
FNF:9
FNH:9
FNDA:29,AlumnoForm
FNDA:10,(anonymous_1)
FNDA:4,(anonymous_2)
FNDA:5,(anonymous_3)
FNDA:8,(anonymous_4)
FNDA:8,(anonymous_5)
FNDA:1,(anonymous_6)
FNDA:5,(anonymous_7)
FNDA:1,(anonymous_8)
DA:6,29
DA:7,29
DA:9,29
DA:14,29
DA:15,29
DA:16,29
DA:18,29
DA:19,10
DA:20,4
DA:24,29
DA:25,4
DA:26,4
DA:27,3
DA:33,1
DA:37,29
DA:38,5
DA:39,5
DA:40,2
DA:42,5
DA:43,2
DA:45,5
DA:46,2
DA:48,5
DA:51,29
DA:52,8
DA:53,8
DA:54,8
DA:55,1
DA:59,29
DA:60,5
DA:61,5
DA:62,5
DA:63,2
DA:64,2
DA:67,3
DA:68,3
DA:69,3
DA:70,1
DA:72,2
DA:74,2
DA:76,1
DA:77,1
DA:79,3
DA:83,29
DA:149,1
LF:45
LH:45
BRDA:19,0,0,4
BRDA:19,0,1,6
BRDA:28,1,0,3
BRDA:28,1,1,1
BRDA:29,2,0,4
BRDA:29,2,1,1
BRDA:30,3,0,4
BRDA:30,3,1,1
BRDA:39,4,0,2
BRDA:39,4,1,3
BRDA:42,5,0,2
BRDA:42,5,1,3
BRDA:45,6,0,2
BRDA:45,6,1,3
BRDA:54,7,0,1
BRDA:54,7,1,7
BRDA:62,8,0,2
BRDA:62,8,1,3
BRDA:69,9,0,1
BRDA:69,9,1,2
BRDA:87,10,0,10
BRDA:87,10,1,19
BRDA:90,11,0,10
BRDA:90,11,1,19
BRDA:107,12,0,2
BRDA:107,12,1,27
BRDA:110,13,0,29
BRDA:110,13,1,2
BRDA:123,14,0,3
BRDA:123,14,1,26
BRDA:126,15,0,29
BRDA:126,15,1,3
BRDA:139,16,0,3
BRDA:139,16,1,26
BRDA:142,17,0,29
BRDA:142,17,1,3
BRDA:159,18,0,3
BRDA:159,18,1,26
BRDA:165,19,0,9
BRDA:165,19,1,17
BRF:40
BRH:40
end_of_record
TN:
SF:src/components/AlumnoList.jsx
FN:6,AlumnoList
FN:12,(anonymous_1)
FN:16,(anonymous_2)
FN:29,(anonymous_3)
FN:33,(anonymous_4)
FN:41,(anonymous_5)
FN:86,(anonymous_6)
FN:111,(anonymous_7)
FN:134,(anonymous_8)
FNF:9
FNH:9
FNDA:19,AlumnoList
FNDA:8,(anonymous_1)
FNDA:8,(anonymous_2)
FNDA:3,(anonymous_3)
FNDA:2,(anonymous_4)
FNDA:17,(anonymous_5)
FNDA:2,(anonymous_6)
FNDA:14,(anonymous_7)
FNDA:3,(anonymous_8)
DA:7,19
DA:8,19
DA:9,19
DA:10,19
DA:12,19
DA:13,8
DA:16,19
DA:17,8
DA:18,8
DA:19,6
DA:20,6
DA:22,1
DA:23,1
DA:25,7
DA:29,19
DA:30,3
DA:31,2
DA:32,2
DA:33,2
DA:35,1
DA:36,1
DA:41,19
DA:43,17
DA:48,19
DA:49,8
DA:56,11
DA:86,2
DA:112,14
DA:134,3
LF:29
LH:29
BRDA:30,0,0,2
BRDA:30,0,1,1
BRDA:43,1,0,17
BRDA:43,1,1,3
BRDA:43,1,2,3
BRDA:48,2,0,8
BRDA:48,2,1,11
BRDA:72,3,0,11
BRDA:72,3,1,2
BRDA:92,4,0,3
BRDA:92,4,1,8
BRF:11
BRH:11
end_of_record
TN:
SF:src/components/Navbar.jsx
FN:4,Navbar
FNF:1
FNH:1
FNDA:2,Navbar
DA:5,2
LF:1
LH:1
BRF:0
BRH:0
end_of_record
TN:
SF:src/services/alumnoService.js
FN:6,(anonymous_0)
FN:11,(anonymous_1)
FN:16,(anonymous_2)
FN:21,(anonymous_3)
FN:26,(anonymous_4)
FN:31,(anonymous_5)
FNF:6
FNH:6
FNDA:1,(anonymous_0)
FNDA:1,(anonymous_1)
FNDA:1,(anonymous_2)
FNDA:1,(anonymous_3)
FNDA:1,(anonymous_4)
FNDA:1,(anonymous_5)
DA:3,5
DA:5,5
DA:7,1
DA:8,1
DA:12,1
DA:13,1
DA:17,1
DA:18,1
DA:22,1
DA:23,1
DA:27,1
DA:28,1
DA:32,1
LF:13
LH:13
BRF:0
BRH:0
end_of_record
